2026-02-01 14:38:48,411 - INFO - AMP processing...
2026-02-01 14:38:48,617 - INFO - ------------------------------
2026-02-01 14:38:48,617 - INFO - 处理完成！报告如下：
2026-02-01 14:38:48,618 - INFO - 总计输入: 35599 条
2026-02-01 14:38:48,618 - INFO - 符合要求: 27780 条 (已存至单行格式)
2026-02-01 14:38:48,618 - INFO - 长度不符: 5755 条
2026-02-01 14:38:48,618 - INFO - 含非法AA: 2064 条
2026-02-01 14:38:48,619 - INFO - ------------------------------
2026-02-01 14:38:48,619 - INFO - 正在 WSL 中启动 CD-HIT 去重...
2026-02-01 14:38:50,039 - INFO - CD-HIT 去冗余完成, 剩余数量: 7537, 输出文件: data/dbAMP/AMP_clean_70.fasta
2026-02-01 14:38:50,039 - INFO - Non-AMP processing...
2026-02-01 14:38:53,716 - INFO - ------------------------------
2026-02-01 14:38:53,716 - INFO - 处理完成！报告如下：
2026-02-01 14:38:53,717 - INFO - 总计输入: 566105 条
2026-02-01 14:38:53,717 - INFO - 符合要求: 174030 条 (已存至单行格式)
2026-02-01 14:38:53,718 - INFO - 长度不符: 390972 条
2026-02-01 14:38:53,718 - INFO - 含非法AA: 1103 条
2026-02-01 14:38:53,718 - INFO - ------------------------------
2026-02-01 14:38:53,718 - INFO - 正在 WSL 中启动 CD-HIT 去重...
2026-02-01 14:39:10,270 - INFO - CD-HIT 去冗余完成, 剩余数量: 60622, 输出文件: data/dbAMP/Non-AMP_clean_70.fasta
2026-02-01 14:39:10,270 - INFO - 正在 WSL 中启动 CD-HIT-2D 去重...
2026-02-01 14:39:17,387 - INFO - CD-HIT-2D 去冗余完成, 剩余数量: 60286, 输出文件: data/dbAMP/Non-AMP_clean_70_2D.fasta
2026-02-01 14:39:23,870 - INFO - 统计图已保存至: data/dbAMP/length_dist.png
2026-02-01 14:39:26,583 - INFO - Non-AMP 下采样完成, 保留数量: 7537, 输出文件: data/dbAMP/Non-AMP_clean_70_2D_downsampled.fasta
2026-02-01 14:39:26,709 - INFO - 统计图已保存至: data/dbAMP/length_dist_downsampled.png
2026-02-01 14:39:28,285 - INFO - Valid Clipped: 1507
2026-02-01 14:39:28,288 - INFO - Test Clipped: 1507
2026-02-01 14:39:28,297 - INFO - Train: 4523
2026-02-01 14:39:28,321 - INFO - Valid Clipped: 1507
2026-02-01 14:39:28,328 - INFO - Test Clipped: 1507
2026-02-01 14:39:28,343 - INFO - Train: 4523
