2026-01-26 01:31:34,785 - INFO - 训练数据集大小: 1424
2026-01-26 01:31:34,786 - INFO - 验证数据集大小: 708
2026-01-26 01:31:34,788 - INFO - 测试数据集大小: 1424
2026-01-26 01:31:34,789 - INFO - ---Training APIN iDLM---
2026-01-26 01:31:38,862 - INFO - Epoch[1/30], CE Loss: 0.3121
2026-01-26 01:31:38,915 - INFO - train: 1010/1424 correct (70.93%)
2026-01-26 01:31:38,916 - INFO - validation: 618/708 correct (87.29%) | prev max 0.00% @ 0 epoch

2026-01-26 01:31:39,222 - INFO - Epoch[2/30], CE Loss: 0.3004
2026-01-26 01:31:39,266 - INFO - train: 1298/1424 correct (91.15%)
2026-01-26 01:31:39,266 - INFO - validation: 631/708 correct (89.12%) | prev max 87.29% @ 0 epoch

2026-01-26 01:31:39,574 - INFO - Epoch[3/30], CE Loss: 0.1845
2026-01-26 01:31:39,615 - INFO - train: 1357/1424 correct (95.29%)
2026-01-26 01:31:39,616 - INFO - validation: 625/708 correct (88.28%) | prev max 89.12% @ 1 epoch

2026-01-26 01:31:39,908 - INFO - Epoch[4/30], CE Loss: 0.1419
2026-01-26 01:31:39,953 - INFO - train: 1382/1424 correct (97.05%)
2026-01-26 01:31:39,953 - INFO - validation: 625/708 correct (88.28%) | prev max 89.12% @ 1 epoch

2026-01-26 01:31:40,243 - INFO - Epoch[5/30], CE Loss: 0.1068
2026-01-26 01:31:40,292 - INFO - train: 1396/1424 correct (98.03%)
2026-01-26 01:31:40,292 - INFO - validation: 625/708 correct (88.28%) | prev max 89.12% @ 1 epoch

2026-01-26 01:31:40,575 - INFO - Epoch[6/30], CE Loss: 0.1586
2026-01-26 01:31:40,618 - INFO - train: 1398/1424 correct (98.17%)
2026-01-26 01:31:40,618 - INFO - validation: 640/708 correct (90.40%) | prev max 89.12% @ 1 epoch

2026-01-26 01:31:40,911 - INFO - Epoch[7/30], CE Loss: 0.1002
2026-01-26 01:31:40,955 - INFO - train: 1405/1424 correct (98.67%)
2026-01-26 01:31:40,956 - INFO - validation: 642/708 correct (90.68%) | prev max 90.40% @ 5 epoch

2026-01-26 01:31:41,255 - INFO - Epoch[8/30], CE Loss: 0.0548
2026-01-26 01:31:41,300 - INFO - train: 1407/1424 correct (98.81%)
2026-01-26 01:31:41,300 - INFO - validation: 638/708 correct (90.11%) | prev max 90.68% @ 6 epoch

2026-01-26 01:31:41,589 - INFO - Epoch[9/30], CE Loss: 0.1502
2026-01-26 01:31:41,630 - INFO - train: 1408/1424 correct (98.88%)
2026-01-26 01:31:41,631 - INFO - validation: 620/708 correct (87.57%) | prev max 90.68% @ 6 epoch

2026-01-26 01:31:41,915 - INFO - Epoch[10/30], CE Loss: 0.0687
2026-01-26 01:31:41,957 - INFO - train: 1415/1424 correct (99.37%)
2026-01-26 01:31:41,957 - INFO - validation: 642/708 correct (90.68%) | prev max 90.68% @ 6 epoch

2026-01-26 01:31:42,248 - INFO - Epoch[11/30], CE Loss: 0.0635
2026-01-26 01:31:42,291 - INFO - train: 1414/1424 correct (99.30%)
2026-01-26 01:31:42,291 - INFO - validation: 641/708 correct (90.54%) | prev max 90.68% @ 6 epoch

2026-01-26 01:31:42,585 - INFO - Epoch[12/30], CE Loss: 0.0383
2026-01-26 01:31:42,628 - INFO - train: 1417/1424 correct (99.51%)
2026-01-26 01:31:42,629 - INFO - validation: 641/708 correct (90.54%) | prev max 90.68% @ 6 epoch

2026-01-26 01:31:42,919 - INFO - Epoch[13/30], CE Loss: 0.1246
2026-01-26 01:31:42,961 - INFO - train: 1418/1424 correct (99.58%)
2026-01-26 01:31:42,962 - INFO - validation: 640/708 correct (90.40%) | prev max 90.68% @ 6 epoch

2026-01-26 01:31:43,253 - INFO - Epoch[14/30], CE Loss: 0.0510
2026-01-26 01:31:43,296 - INFO - train: 1421/1424 correct (99.79%)
2026-01-26 01:31:43,296 - INFO - validation: 640/708 correct (90.40%) | prev max 90.68% @ 6 epoch

2026-01-26 01:31:43,589 - INFO - Epoch[15/30], CE Loss: 0.0259
2026-01-26 01:31:43,635 - INFO - train: 1421/1424 correct (99.79%)
2026-01-26 01:31:43,635 - INFO - validation: 639/708 correct (90.25%) | prev max 90.68% @ 6 epoch

2026-01-26 01:31:43,925 - INFO - Epoch[16/30], CE Loss: 0.0444
2026-01-26 01:31:43,967 - INFO - train: 1423/1424 correct (99.93%)
2026-01-26 01:31:43,967 - INFO - validation: 645/708 correct (91.10%) | prev max 90.68% @ 6 epoch

2026-01-26 01:31:44,269 - INFO - Epoch[17/30], CE Loss: 0.0424
2026-01-26 01:31:44,314 - INFO - train: 1424/1424 correct (100.00%)
2026-01-26 01:31:44,315 - INFO - validation: 639/708 correct (90.25%) | prev max 91.10% @ 15 epoch

2026-01-26 01:31:44,610 - INFO - Epoch[18/30], CE Loss: 0.0432
2026-01-26 01:31:44,656 - INFO - train: 1418/1424 correct (99.58%)
2026-01-26 01:31:44,657 - INFO - validation: 645/708 correct (91.10%) | prev max 91.10% @ 15 epoch

2026-01-26 01:31:44,949 - INFO - Epoch[19/30], CE Loss: 0.0285
2026-01-26 01:31:44,991 - INFO - train: 1422/1424 correct (99.86%)
2026-01-26 01:31:44,991 - INFO - validation: 639/708 correct (90.25%) | prev max 91.10% @ 15 epoch

2026-01-26 01:31:45,279 - INFO - Epoch[20/30], CE Loss: 0.0281
2026-01-26 01:31:45,324 - INFO - train: 1421/1424 correct (99.79%)
2026-01-26 01:31:45,325 - INFO - validation: 643/708 correct (90.82%) | prev max 91.10% @ 15 epoch

2026-01-26 01:31:45,624 - INFO - Epoch[21/30], CE Loss: 0.0162
2026-01-26 01:31:45,669 - INFO - train: 1423/1424 correct (99.93%)
2026-01-26 01:31:45,670 - INFO - validation: 641/708 correct (90.54%) | prev max 91.10% @ 15 epoch

2026-01-26 01:31:45,959 - INFO - Epoch[22/30], CE Loss: 0.0210
2026-01-26 01:31:46,000 - INFO - train: 1422/1424 correct (99.86%)
2026-01-26 01:31:46,000 - INFO - validation: 643/708 correct (90.82%) | prev max 91.10% @ 15 epoch

2026-01-26 01:31:46,291 - INFO - Epoch[23/30], CE Loss: 0.0115
2026-01-26 01:31:46,335 - INFO - train: 1423/1424 correct (99.93%)
2026-01-26 01:31:46,335 - INFO - validation: 645/708 correct (91.10%) | prev max 91.10% @ 15 epoch

2026-01-26 01:31:46,624 - INFO - Epoch[24/30], CE Loss: 0.0195
2026-01-26 01:31:46,667 - INFO - train: 1423/1424 correct (99.93%)
2026-01-26 01:31:46,667 - INFO - validation: 645/708 correct (91.10%) | prev max 91.10% @ 15 epoch

2026-01-26 01:31:46,956 - INFO - Epoch[25/30], CE Loss: 0.0154
2026-01-26 01:31:46,999 - INFO - train: 1423/1424 correct (99.93%)
2026-01-26 01:31:46,999 - INFO - validation: 646/708 correct (91.24%) | prev max 91.10% @ 15 epoch

2026-01-26 01:31:47,310 - INFO - Epoch[26/30], CE Loss: 0.0238
2026-01-26 01:31:47,354 - INFO - train: 1424/1424 correct (100.00%)
2026-01-26 01:31:47,355 - INFO - validation: 644/708 correct (90.96%) | prev max 91.24% @ 24 epoch

2026-01-26 01:31:47,650 - INFO - Epoch[27/30], CE Loss: 0.0161
2026-01-26 01:31:47,695 - INFO - train: 1419/1424 correct (99.65%)
2026-01-26 01:31:47,695 - INFO - validation: 642/708 correct (90.68%) | prev max 91.24% @ 24 epoch

2026-01-26 01:31:47,989 - INFO - Epoch[28/30], CE Loss: 0.0375
2026-01-26 01:31:48,034 - INFO - train: 1424/1424 correct (100.00%)
2026-01-26 01:31:48,035 - INFO - validation: 642/708 correct (90.68%) | prev max 91.24% @ 24 epoch

2026-01-26 01:31:48,336 - INFO - Epoch[29/30], CE Loss: 0.0107
2026-01-26 01:31:48,379 - INFO - train: 1424/1424 correct (100.00%)
2026-01-26 01:31:48,380 - INFO - validation: 644/708 correct (90.96%) | prev max 91.24% @ 24 epoch

2026-01-26 01:31:48,670 - INFO - Epoch[30/30], CE Loss: 0.0185
2026-01-26 01:31:48,713 - INFO - train: 1424/1424 correct (100.00%)
2026-01-26 01:31:48,713 - INFO - validation: 643/708 correct (90.82%) | prev max 91.24% @ 24 epoch

2026-01-26 01:31:48,714 - INFO - ---Testing APIN iDLM---
2026-01-26 01:31:48,851 - INFO - Prediction accuracy: 90.66%
2026-02-01 15:04:54,642 - INFO - 训练数据集大小: 9046
2026-02-01 15:04:54,643 - INFO - 验证数据集大小: 3014
2026-02-01 15:04:54,644 - INFO - 测试数据集大小: 3014
2026-02-01 15:04:54,645 - INFO - ---Training APIN iDLM---
2026-02-01 15:04:57,426 - INFO - Epoch[1/30], CE Loss: 0.4150
2026-02-01 15:04:57,587 - INFO - train: 7177/9046 correct (79.34%)
2026-02-01 15:04:57,587 - INFO - validation: 2602/3014 correct (86.33%) | prev max 0.00% @ 0 epoch

2026-02-01 15:04:59,262 - INFO - Epoch[2/30], CE Loss: 0.3807
2026-02-01 15:04:59,422 - INFO - train: 7834/9046 correct (86.60%)
2026-02-01 15:04:59,422 - INFO - validation: 2667/3014 correct (88.49%) | prev max 86.33% @ 0 epoch

2026-02-01 15:05:01,094 - INFO - Epoch[3/30], CE Loss: 0.2563
2026-02-01 15:05:01,254 - INFO - train: 8023/9046 correct (88.69%)
2026-02-01 15:05:01,255 - INFO - validation: 2676/3014 correct (88.79%) | prev max 88.49% @ 1 epoch

2026-02-01 15:05:02,946 - INFO - Epoch[4/30], CE Loss: 0.2442
2026-02-01 15:05:03,107 - INFO - train: 8208/9046 correct (90.74%)
2026-02-01 15:05:03,107 - INFO - validation: 2687/3014 correct (89.15%) | prev max 88.79% @ 2 epoch

2026-02-01 15:05:04,805 - INFO - Epoch[5/30], CE Loss: 0.2356
2026-02-01 15:05:04,964 - INFO - train: 8316/9046 correct (91.93%)
2026-02-01 15:05:04,965 - INFO - validation: 2702/3014 correct (89.65%) | prev max 89.15% @ 3 epoch

2026-02-01 15:05:06,656 - INFO - Epoch[6/30], CE Loss: 0.1633
2026-02-01 15:05:06,819 - INFO - train: 8439/9046 correct (93.29%)
2026-02-01 15:05:06,819 - INFO - validation: 2711/3014 correct (89.95%) | prev max 89.65% @ 4 epoch

2026-02-01 15:05:08,512 - INFO - Epoch[7/30], CE Loss: 0.1828
2026-02-01 15:05:08,673 - INFO - train: 8514/9046 correct (94.12%)
2026-02-01 15:05:08,674 - INFO - validation: 2708/3014 correct (89.85%) | prev max 89.95% @ 5 epoch

2026-02-01 15:05:10,361 - INFO - Epoch[8/30], CE Loss: 0.0963
2026-02-01 15:05:10,521 - INFO - train: 8625/9046 correct (95.35%)
2026-02-01 15:05:10,521 - INFO - validation: 2716/3014 correct (90.11%) | prev max 89.95% @ 5 epoch

2026-02-01 15:05:12,216 - INFO - Epoch[9/30], CE Loss: 0.1254
2026-02-01 15:05:12,376 - INFO - train: 8656/9046 correct (95.69%)
2026-02-01 15:05:12,376 - INFO - validation: 2720/3014 correct (90.25%) | prev max 90.11% @ 7 epoch

2026-02-01 15:05:14,074 - INFO - Epoch[10/30], CE Loss: 0.1201
2026-02-01 15:05:14,236 - INFO - train: 8675/9046 correct (95.90%)
2026-02-01 15:05:14,236 - INFO - validation: 2723/3014 correct (90.35%) | prev max 90.25% @ 8 epoch

2026-02-01 15:05:15,932 - INFO - Epoch[11/30], CE Loss: 0.1253
2026-02-01 15:05:16,093 - INFO - train: 8764/9046 correct (96.88%)
2026-02-01 15:05:16,093 - INFO - validation: 2724/3014 correct (90.38%) | prev max 90.35% @ 9 epoch

2026-02-01 15:05:17,789 - INFO - Epoch[12/30], CE Loss: 0.0705
2026-02-01 15:05:17,950 - INFO - train: 8808/9046 correct (97.37%)
2026-02-01 15:05:17,950 - INFO - validation: 2719/3014 correct (90.21%) | prev max 90.38% @ 10 epoch

2026-02-01 15:05:19,640 - INFO - Epoch[13/30], CE Loss: 0.0846
2026-02-01 15:05:19,801 - INFO - train: 8843/9046 correct (97.76%)
2026-02-01 15:05:19,802 - INFO - validation: 2743/3014 correct (91.01%) | prev max 90.38% @ 10 epoch

2026-02-01 15:05:21,500 - INFO - Epoch[14/30], CE Loss: 0.0625
2026-02-01 15:05:21,660 - INFO - train: 8881/9046 correct (98.18%)
2026-02-01 15:05:21,661 - INFO - validation: 2721/3014 correct (90.28%) | prev max 91.01% @ 12 epoch

2026-02-01 15:05:23,346 - INFO - Epoch[15/30], CE Loss: 0.0551
2026-02-01 15:05:23,507 - INFO - train: 8878/9046 correct (98.14%)
2026-02-01 15:05:23,508 - INFO - validation: 2737/3014 correct (90.81%) | prev max 91.01% @ 12 epoch

2026-02-01 15:05:25,197 - INFO - Epoch[16/30], CE Loss: 0.0698
2026-02-01 15:05:25,359 - INFO - train: 8907/9046 correct (98.46%)
2026-02-01 15:05:25,359 - INFO - validation: 2740/3014 correct (90.91%) | prev max 91.01% @ 12 epoch

2026-02-01 15:05:27,049 - INFO - Epoch[17/30], CE Loss: 0.0302
2026-02-01 15:05:27,209 - INFO - train: 8934/9046 correct (98.76%)
2026-02-01 15:05:27,210 - INFO - validation: 2748/3014 correct (91.17%) | prev max 91.01% @ 12 epoch

2026-02-01 15:05:28,906 - INFO - Epoch[18/30], CE Loss: 0.0209
2026-02-01 15:05:29,067 - INFO - train: 8946/9046 correct (98.89%)
2026-02-01 15:05:29,068 - INFO - validation: 2756/3014 correct (91.44%) | prev max 91.17% @ 16 epoch

2026-02-01 15:05:30,767 - INFO - Epoch[19/30], CE Loss: 0.0474
2026-02-01 15:05:30,928 - INFO - train: 8973/9046 correct (99.19%)
2026-02-01 15:05:30,929 - INFO - validation: 2751/3014 correct (91.27%) | prev max 91.44% @ 17 epoch

2026-02-01 15:05:32,617 - INFO - Epoch[20/30], CE Loss: 0.0603
2026-02-01 15:05:32,777 - INFO - train: 8960/9046 correct (99.05%)
2026-02-01 15:05:32,777 - INFO - validation: 2746/3014 correct (91.11%) | prev max 91.44% @ 17 epoch

2026-02-01 15:05:34,469 - INFO - Epoch[21/30], CE Loss: 0.0424
2026-02-01 15:05:34,632 - INFO - train: 8979/9046 correct (99.26%)
2026-02-01 15:05:34,632 - INFO - validation: 2748/3014 correct (91.17%) | prev max 91.44% @ 17 epoch

2026-02-01 15:05:36,321 - INFO - Epoch[22/30], CE Loss: 0.0354
2026-02-01 15:05:36,482 - INFO - train: 8979/9046 correct (99.26%)
2026-02-01 15:05:36,482 - INFO - validation: 2747/3014 correct (91.14%) | prev max 91.44% @ 17 epoch

2026-02-01 15:05:38,174 - INFO - Epoch[23/30], CE Loss: 0.0267
2026-02-01 15:05:38,335 - INFO - train: 9000/9046 correct (99.49%)
2026-02-01 15:05:38,335 - INFO - validation: 2755/3014 correct (91.41%) | prev max 91.44% @ 17 epoch

2026-02-01 15:05:40,027 - INFO - Epoch[24/30], CE Loss: 0.0198
2026-02-01 15:05:40,187 - INFO - train: 8995/9046 correct (99.44%)
2026-02-01 15:05:40,188 - INFO - validation: 2756/3014 correct (91.44%) | prev max 91.44% @ 17 epoch

2026-02-01 15:05:41,879 - INFO - Epoch[25/30], CE Loss: 0.0222
2026-02-01 15:05:42,041 - INFO - train: 9006/9046 correct (99.56%)
2026-02-01 15:05:42,041 - INFO - validation: 2755/3014 correct (91.41%) | prev max 91.44% @ 17 epoch

2026-02-01 15:05:43,734 - INFO - Epoch[26/30], CE Loss: 0.0280
2026-02-01 15:05:43,896 - INFO - train: 9008/9046 correct (99.58%)
2026-02-01 15:05:43,896 - INFO - validation: 2760/3014 correct (91.57%) | prev max 91.44% @ 17 epoch

2026-02-01 15:05:45,597 - INFO - Epoch[27/30], CE Loss: 0.0164
2026-02-01 15:05:45,757 - INFO - train: 9014/9046 correct (99.65%)
2026-02-01 15:05:45,758 - INFO - validation: 2753/3014 correct (91.34%) | prev max 91.57% @ 25 epoch

2026-02-01 15:05:47,451 - INFO - Epoch[28/30], CE Loss: 0.0162
2026-02-01 15:05:47,612 - INFO - train: 9008/9046 correct (99.58%)
2026-02-01 15:05:47,612 - INFO - validation: 2756/3014 correct (91.44%) | prev max 91.57% @ 25 epoch

2026-02-01 15:05:49,303 - INFO - Epoch[29/30], CE Loss: 0.0074
2026-02-01 15:05:49,463 - INFO - train: 9024/9046 correct (99.76%)
2026-02-01 15:05:49,463 - INFO - validation: 2755/3014 correct (91.41%) | prev max 91.57% @ 25 epoch

2026-02-01 15:05:51,157 - INFO - Epoch[30/30], CE Loss: 0.0180
2026-02-01 15:05:51,319 - INFO - train: 9018/9046 correct (99.69%)
2026-02-01 15:05:51,319 - INFO - validation: 2759/3014 correct (91.54%) | prev max 91.57% @ 25 epoch

2026-02-01 15:05:51,320 - INFO - ---Testing APIN iDLM---
2026-02-01 15:05:51,516 - INFO - Prediction accuracy: 91.80%
