2026-01-26 01:32:01,550 - INFO - No training data loaded.
2026-01-26 01:32:01,556 - INFO - 验证数据集大小: 708
2026-01-26 01:32:01,557 - INFO - 测试数据集大小: 1424
2026-01-26 01:32:01,558 - INFO - ---Training APIN rDLM---
2026-01-26 01:32:01,578 - INFO - 训练数据集大小: 712
2026-01-26 01:32:01,579 - INFO - No validation data loaded.
2026-01-26 01:32:01,579 - INFO - No test data loaded.
2026-01-26 01:32:01,580 - INFO - ---Training rDLM #0---
2026-01-26 01:32:03,777 - INFO - Epoch[1/5], CE Loss: 0.4892
2026-01-26 01:32:03,833 - INFO - train: 463/712 correct (65.03%)
2026-01-26 01:32:03,834 - INFO - validation: 599/708 correct (84.60%) | prev max 0.00% @ 0 epoch

2026-01-26 01:32:04,002 - INFO - Epoch[2/5], CE Loss: 0.3028
2026-01-26 01:32:04,045 - INFO - train: 656/712 correct (92.13%)
2026-01-26 01:32:04,045 - INFO - validation: 627/708 correct (88.56%) | prev max 84.60% @ 0 epoch

2026-01-26 01:32:04,204 - INFO - Epoch[3/5], CE Loss: 0.2000
2026-01-26 01:32:04,248 - INFO - train: 695/712 correct (97.61%)
2026-01-26 01:32:04,248 - INFO - validation: 627/708 correct (88.56%) | prev max 88.56% @ 1 epoch

2026-01-26 01:32:04,389 - INFO - Epoch[4/5], CE Loss: 0.1042
2026-01-26 01:32:04,432 - INFO - train: 700/712 correct (98.31%)
2026-01-26 01:32:04,432 - INFO - validation: 636/708 correct (89.83%) | prev max 88.56% @ 1 epoch

2026-01-26 01:32:04,592 - INFO - Epoch[5/5], CE Loss: 0.1092
2026-01-26 01:32:04,636 - INFO - train: 708/712 correct (99.44%)
2026-01-26 01:32:04,636 - INFO - validation: 636/708 correct (89.83%) | prev max 89.83% @ 3 epoch

2026-01-26 01:32:04,654 - INFO - 训练数据集大小: 712
2026-01-26 01:32:04,654 - INFO - No validation data loaded.
2026-01-26 01:32:04,655 - INFO - No test data loaded.
2026-01-26 01:32:04,655 - INFO - ---Training rDLM #1---
2026-01-26 01:32:04,809 - INFO - Epoch[1/5], CE Loss: 0.5068
2026-01-26 01:32:04,852 - INFO - train: 484/712 correct (67.98%)
2026-01-26 01:32:04,853 - INFO - validation: 603/708 correct (85.17%) | prev max 0.00% @ 0 epoch

2026-01-26 01:32:05,005 - INFO - Epoch[2/5], CE Loss: 0.2844
2026-01-26 01:32:05,046 - INFO - train: 642/712 correct (90.17%)
2026-01-26 01:32:05,047 - INFO - validation: 619/708 correct (87.43%) | prev max 85.17% @ 0 epoch

2026-01-26 01:32:05,197 - INFO - Epoch[3/5], CE Loss: 0.2081
2026-01-26 01:32:05,239 - INFO - train: 689/712 correct (96.77%)
2026-01-26 01:32:05,239 - INFO - validation: 629/708 correct (88.84%) | prev max 87.43% @ 1 epoch

2026-01-26 01:32:05,393 - INFO - Epoch[4/5], CE Loss: 0.1246
2026-01-26 01:32:05,436 - INFO - train: 699/712 correct (98.17%)
2026-01-26 01:32:05,436 - INFO - validation: 630/708 correct (88.98%) | prev max 88.84% @ 2 epoch

2026-01-26 01:32:05,589 - INFO - Epoch[5/5], CE Loss: 0.1574
2026-01-26 01:32:05,632 - INFO - train: 700/712 correct (98.31%)
2026-01-26 01:32:05,632 - INFO - validation: 629/708 correct (88.84%) | prev max 88.98% @ 3 epoch

2026-01-26 01:32:05,649 - INFO - 训练数据集大小: 712
2026-01-26 01:32:05,650 - INFO - No validation data loaded.
2026-01-26 01:32:05,650 - INFO - No test data loaded.
2026-01-26 01:32:05,651 - INFO - ---Training rDLM #2---
2026-01-26 01:32:05,805 - INFO - Epoch[1/5], CE Loss: 0.3835
2026-01-26 01:32:05,848 - INFO - train: 504/712 correct (70.79%)
2026-01-26 01:32:05,849 - INFO - validation: 581/708 correct (82.06%) | prev max 0.00% @ 0 epoch

2026-01-26 01:32:05,999 - INFO - Epoch[2/5], CE Loss: 0.2950
2026-01-26 01:32:06,040 - INFO - train: 651/712 correct (91.43%)
2026-01-26 01:32:06,041 - INFO - validation: 629/708 correct (88.84%) | prev max 82.06% @ 0 epoch

2026-01-26 01:32:06,191 - INFO - Epoch[3/5], CE Loss: 0.1328
2026-01-26 01:32:06,234 - INFO - train: 681/712 correct (95.65%)
2026-01-26 01:32:06,235 - INFO - validation: 631/708 correct (89.12%) | prev max 88.84% @ 1 epoch

2026-01-26 01:32:06,387 - INFO - Epoch[4/5], CE Loss: 0.1604
2026-01-26 01:32:06,429 - INFO - train: 702/712 correct (98.60%)
2026-01-26 01:32:06,429 - INFO - validation: 631/708 correct (89.12%) | prev max 89.12% @ 2 epoch

2026-01-26 01:32:06,572 - INFO - Epoch[5/5], CE Loss: 0.1136
2026-01-26 01:32:06,614 - INFO - train: 705/712 correct (99.02%)
2026-01-26 01:32:06,614 - INFO - validation: 630/708 correct (88.98%) | prev max 89.12% @ 2 epoch

2026-01-26 01:32:06,632 - INFO - 训练数据集大小: 712
2026-01-26 01:32:06,632 - INFO - No validation data loaded.
2026-01-26 01:32:06,633 - INFO - No test data loaded.
2026-01-26 01:32:06,633 - INFO - ---Training rDLM #3---
2026-01-26 01:32:06,790 - INFO - Epoch[1/5], CE Loss: 0.4313
2026-01-26 01:32:06,832 - INFO - train: 446/712 correct (62.64%)
2026-01-26 01:32:06,832 - INFO - validation: 615/708 correct (86.86%) | prev max 0.00% @ 0 epoch

2026-01-26 01:32:06,982 - INFO - Epoch[2/5], CE Loss: 0.3471
2026-01-26 01:32:07,025 - INFO - train: 622/712 correct (87.36%)
2026-01-26 01:32:07,026 - INFO - validation: 619/708 correct (87.43%) | prev max 86.86% @ 0 epoch

2026-01-26 01:32:07,179 - INFO - Epoch[3/5], CE Loss: 0.2307
2026-01-26 01:32:07,221 - INFO - train: 690/712 correct (96.91%)
2026-01-26 01:32:07,221 - INFO - validation: 628/708 correct (88.70%) | prev max 87.43% @ 1 epoch

2026-01-26 01:32:07,373 - INFO - Epoch[4/5], CE Loss: 0.1535
2026-01-26 01:32:07,415 - INFO - train: 693/712 correct (97.33%)
2026-01-26 01:32:07,415 - INFO - validation: 624/708 correct (88.14%) | prev max 88.70% @ 2 epoch

2026-01-26 01:32:07,557 - INFO - Epoch[5/5], CE Loss: 0.1377
2026-01-26 01:32:07,599 - INFO - train: 701/712 correct (98.46%)
2026-01-26 01:32:07,599 - INFO - validation: 627/708 correct (88.56%) | prev max 88.70% @ 2 epoch

2026-01-26 01:32:07,615 - INFO - 训练数据集大小: 712
2026-01-26 01:32:07,615 - INFO - No validation data loaded.
2026-01-26 01:32:07,615 - INFO - No test data loaded.
2026-01-26 01:32:07,616 - INFO - ---Training rDLM #4---
2026-01-26 01:32:07,777 - INFO - Epoch[1/5], CE Loss: 0.4085
2026-01-26 01:32:07,819 - INFO - train: 486/712 correct (68.26%)
2026-01-26 01:32:07,819 - INFO - validation: 617/708 correct (87.15%) | prev max 0.00% @ 0 epoch

2026-01-26 01:32:07,971 - INFO - Epoch[2/5], CE Loss: 0.3193
2026-01-26 01:32:08,011 - INFO - train: 656/712 correct (92.13%)
2026-01-26 01:32:08,011 - INFO - validation: 619/708 correct (87.43%) | prev max 87.15% @ 0 epoch

2026-01-26 01:32:08,166 - INFO - Epoch[3/5], CE Loss: 0.2249
2026-01-26 01:32:08,208 - INFO - train: 685/712 correct (96.21%)
2026-01-26 01:32:08,209 - INFO - validation: 622/708 correct (87.85%) | prev max 87.43% @ 1 epoch

2026-01-26 01:32:08,363 - INFO - Epoch[4/5], CE Loss: 0.1322
2026-01-26 01:32:08,406 - INFO - train: 700/712 correct (98.31%)
2026-01-26 01:32:08,406 - INFO - validation: 626/708 correct (88.42%) | prev max 87.85% @ 2 epoch

2026-01-26 01:32:08,565 - INFO - Epoch[5/5], CE Loss: 0.0993
2026-01-26 01:32:08,607 - INFO - train: 706/712 correct (99.16%)
2026-01-26 01:32:08,608 - INFO - validation: 628/708 correct (88.70%) | prev max 88.42% @ 3 epoch

2026-01-26 01:32:08,631 - INFO - 训练数据集大小: 712
2026-01-26 01:32:08,632 - INFO - No validation data loaded.
2026-01-26 01:32:08,632 - INFO - No test data loaded.
2026-01-26 01:32:08,632 - INFO - ---Training rDLM #5---
2026-01-26 01:32:08,783 - INFO - Epoch[1/5], CE Loss: 0.5067
2026-01-26 01:32:08,826 - INFO - train: 467/712 correct (65.59%)
2026-01-26 01:32:08,827 - INFO - validation: 612/708 correct (86.44%) | prev max 0.00% @ 0 epoch

2026-01-26 01:32:08,979 - INFO - Epoch[2/5], CE Loss: 0.3006
2026-01-26 01:32:09,024 - INFO - train: 666/712 correct (93.54%)
2026-01-26 01:32:09,024 - INFO - validation: 628/708 correct (88.70%) | prev max 86.44% @ 0 epoch

2026-01-26 01:32:09,173 - INFO - Epoch[3/5], CE Loss: 0.2298
2026-01-26 01:32:09,215 - INFO - train: 683/712 correct (95.93%)
2026-01-26 01:32:09,216 - INFO - validation: 623/708 correct (87.99%) | prev max 88.70% @ 1 epoch

2026-01-26 01:32:09,359 - INFO - Epoch[4/5], CE Loss: 0.1493
2026-01-26 01:32:09,404 - INFO - train: 696/712 correct (97.75%)
2026-01-26 01:32:09,404 - INFO - validation: 634/708 correct (89.55%) | prev max 88.70% @ 1 epoch

2026-01-26 01:32:09,563 - INFO - Epoch[5/5], CE Loss: 0.1304
2026-01-26 01:32:09,606 - INFO - train: 701/712 correct (98.46%)
2026-01-26 01:32:09,607 - INFO - validation: 634/708 correct (89.55%) | prev max 89.55% @ 3 epoch

2026-01-26 01:32:09,624 - INFO - 训练数据集大小: 712
2026-01-26 01:32:09,625 - INFO - No validation data loaded.
2026-01-26 01:32:09,625 - INFO - No test data loaded.
2026-01-26 01:32:09,626 - INFO - ---Training rDLM #6---
2026-01-26 01:32:09,787 - INFO - Epoch[1/5], CE Loss: 0.4974
2026-01-26 01:32:09,829 - INFO - train: 472/712 correct (66.29%)
2026-01-26 01:32:09,829 - INFO - validation: 598/708 correct (84.46%) | prev max 0.00% @ 0 epoch

2026-01-26 01:32:09,979 - INFO - Epoch[2/5], CE Loss: 0.3420
2026-01-26 01:32:10,022 - INFO - train: 666/712 correct (93.54%)
2026-01-26 01:32:10,023 - INFO - validation: 635/708 correct (89.69%) | prev max 84.46% @ 0 epoch

2026-01-26 01:32:10,178 - INFO - Epoch[3/5], CE Loss: 0.2013
2026-01-26 01:32:10,221 - INFO - train: 684/712 correct (96.07%)
2026-01-26 01:32:10,221 - INFO - validation: 638/708 correct (90.11%) | prev max 89.69% @ 1 epoch

2026-01-26 01:32:10,376 - INFO - Epoch[4/5], CE Loss: 0.1370
2026-01-26 01:32:10,420 - INFO - train: 698/712 correct (98.03%)
2026-01-26 01:32:10,420 - INFO - validation: 641/708 correct (90.54%) | prev max 90.11% @ 2 epoch

2026-01-26 01:32:10,579 - INFO - Epoch[5/5], CE Loss: 0.0996
2026-01-26 01:32:10,623 - INFO - train: 706/712 correct (99.16%)
2026-01-26 01:32:10,624 - INFO - validation: 645/708 correct (91.10%) | prev max 90.54% @ 3 epoch

2026-01-26 01:32:10,653 - INFO - 训练数据集大小: 712
2026-01-26 01:32:10,654 - INFO - No validation data loaded.
2026-01-26 01:32:10,654 - INFO - No test data loaded.
2026-01-26 01:32:10,655 - INFO - ---Training rDLM #7---
2026-01-26 01:32:10,813 - INFO - Epoch[1/5], CE Loss: 0.4803
2026-01-26 01:32:10,857 - INFO - train: 493/712 correct (69.24%)
2026-01-26 01:32:10,858 - INFO - validation: 593/708 correct (83.76%) | prev max 0.00% @ 0 epoch

2026-01-26 01:32:11,009 - INFO - Epoch[2/5], CE Loss: 0.2989
2026-01-26 01:32:11,051 - INFO - train: 655/712 correct (91.99%)
2026-01-26 01:32:11,052 - INFO - validation: 619/708 correct (87.43%) | prev max 83.76% @ 0 epoch

2026-01-26 01:32:11,208 - INFO - Epoch[3/5], CE Loss: 0.2087
2026-01-26 01:32:11,251 - INFO - train: 689/712 correct (96.77%)
2026-01-26 01:32:11,251 - INFO - validation: 626/708 correct (88.42%) | prev max 87.43% @ 1 epoch

2026-01-26 01:32:11,408 - INFO - Epoch[4/5], CE Loss: 0.1419
2026-01-26 01:32:11,451 - INFO - train: 695/712 correct (97.61%)
2026-01-26 01:32:11,451 - INFO - validation: 623/708 correct (87.99%) | prev max 88.42% @ 2 epoch

2026-01-26 01:32:11,596 - INFO - Epoch[5/5], CE Loss: 0.1131
2026-01-26 01:32:11,639 - INFO - train: 701/712 correct (98.46%)
2026-01-26 01:32:11,639 - INFO - validation: 628/708 correct (88.70%) | prev max 88.42% @ 2 epoch

2026-01-26 01:32:11,669 - INFO - 训练数据集大小: 712
2026-01-26 01:32:11,669 - INFO - No validation data loaded.
2026-01-26 01:32:11,670 - INFO - No test data loaded.
2026-01-26 01:32:11,670 - INFO - ---Training rDLM #8---
2026-01-26 01:32:11,827 - INFO - Epoch[1/5], CE Loss: 0.5177
2026-01-26 01:32:11,870 - INFO - train: 483/712 correct (67.84%)
2026-01-26 01:32:11,871 - INFO - validation: 633/708 correct (89.41%) | prev max 0.00% @ 0 epoch

2026-01-26 01:32:12,022 - INFO - Epoch[2/5], CE Loss: 0.2504
2026-01-26 01:32:12,063 - INFO - train: 666/712 correct (93.54%)
2026-01-26 01:32:12,064 - INFO - validation: 637/708 correct (89.97%) | prev max 89.41% @ 0 epoch

2026-01-26 01:32:12,218 - INFO - Epoch[3/5], CE Loss: 0.1842
2026-01-26 01:32:12,260 - INFO - train: 692/712 correct (97.19%)
2026-01-26 01:32:12,261 - INFO - validation: 644/708 correct (90.96%) | prev max 89.97% @ 1 epoch

2026-01-26 01:32:12,415 - INFO - Epoch[4/5], CE Loss: 0.1157
2026-01-26 01:32:12,458 - INFO - train: 701/712 correct (98.46%)
2026-01-26 01:32:12,459 - INFO - validation: 639/708 correct (90.25%) | prev max 90.96% @ 2 epoch

2026-01-26 01:32:12,600 - INFO - Epoch[5/5], CE Loss: 0.1198
2026-01-26 01:32:12,643 - INFO - train: 708/712 correct (99.44%)
2026-01-26 01:32:12,644 - INFO - validation: 642/708 correct (90.68%) | prev max 90.96% @ 2 epoch

2026-01-26 01:32:12,661 - INFO - 训练数据集大小: 712
2026-01-26 01:32:12,662 - INFO - No validation data loaded.
2026-01-26 01:32:12,662 - INFO - No test data loaded.
2026-01-26 01:32:12,663 - INFO - ---Training rDLM #9---
2026-01-26 01:32:12,819 - INFO - Epoch[1/5], CE Loss: 0.5082
2026-01-26 01:32:12,862 - INFO - train: 486/712 correct (68.26%)
2026-01-26 01:32:12,862 - INFO - validation: 612/708 correct (86.44%) | prev max 0.00% @ 0 epoch

2026-01-26 01:32:13,013 - INFO - Epoch[2/5], CE Loss: 0.2420
2026-01-26 01:32:13,055 - INFO - train: 671/712 correct (94.24%)
2026-01-26 01:32:13,055 - INFO - validation: 608/708 correct (85.88%) | prev max 86.44% @ 0 epoch

2026-01-26 01:32:13,195 - INFO - Epoch[3/5], CE Loss: 0.1694
2026-01-26 01:32:13,237 - INFO - train: 687/712 correct (96.49%)
2026-01-26 01:32:13,238 - INFO - validation: 623/708 correct (87.99%) | prev max 86.44% @ 0 epoch

2026-01-26 01:32:13,389 - INFO - Epoch[4/5], CE Loss: 0.1417
2026-01-26 01:32:13,433 - INFO - train: 703/712 correct (98.74%)
2026-01-26 01:32:13,433 - INFO - validation: 623/708 correct (87.99%) | prev max 87.99% @ 2 epoch

2026-01-26 01:32:13,576 - INFO - Epoch[5/5], CE Loss: 0.1016
2026-01-26 01:32:13,618 - INFO - train: 706/712 correct (99.16%)
2026-01-26 01:32:13,618 - INFO - validation: 628/708 correct (88.70%) | prev max 87.99% @ 2 epoch

2026-01-26 01:32:13,648 - INFO - 训练数据集大小: 712
2026-01-26 01:32:13,648 - INFO - No validation data loaded.
2026-01-26 01:32:13,649 - INFO - No test data loaded.
2026-01-26 01:32:13,649 - INFO - ---Training rDLM #10---
2026-01-26 01:32:13,802 - INFO - Epoch[1/5], CE Loss: 0.4534
2026-01-26 01:32:13,844 - INFO - train: 473/712 correct (66.43%)
2026-01-26 01:32:13,844 - INFO - validation: 614/708 correct (86.72%) | prev max 0.00% @ 0 epoch

2026-01-26 01:32:13,995 - INFO - Epoch[2/5], CE Loss: 0.2672
2026-01-26 01:32:14,036 - INFO - train: 667/712 correct (93.68%)
2026-01-26 01:32:14,036 - INFO - validation: 626/708 correct (88.42%) | prev max 86.72% @ 0 epoch

2026-01-26 01:32:14,187 - INFO - Epoch[3/5], CE Loss: 0.2228
2026-01-26 01:32:14,230 - INFO - train: 688/712 correct (96.63%)
2026-01-26 01:32:14,230 - INFO - validation: 633/708 correct (89.41%) | prev max 88.42% @ 1 epoch

2026-01-26 01:32:14,381 - INFO - Epoch[4/5], CE Loss: 0.1574
2026-01-26 01:32:14,424 - INFO - train: 704/712 correct (98.88%)
2026-01-26 01:32:14,425 - INFO - validation: 635/708 correct (89.69%) | prev max 89.41% @ 2 epoch

2026-01-26 01:32:14,584 - INFO - Epoch[5/5], CE Loss: 0.1057
2026-01-26 01:32:14,630 - INFO - train: 707/712 correct (99.30%)
2026-01-26 01:32:14,630 - INFO - validation: 636/708 correct (89.83%) | prev max 89.69% @ 3 epoch

2026-01-26 01:32:14,663 - INFO - 训练数据集大小: 712
2026-01-26 01:32:14,663 - INFO - No validation data loaded.
2026-01-26 01:32:14,664 - INFO - No test data loaded.
2026-01-26 01:32:14,664 - INFO - ---Training rDLM #11---
2026-01-26 01:32:14,821 - INFO - Epoch[1/5], CE Loss: 0.4825
2026-01-26 01:32:14,864 - INFO - train: 463/712 correct (65.03%)
2026-01-26 01:32:14,864 - INFO - validation: 610/708 correct (86.16%) | prev max 0.00% @ 0 epoch

2026-01-26 01:32:15,015 - INFO - Epoch[2/5], CE Loss: 0.2662
2026-01-26 01:32:15,057 - INFO - train: 642/712 correct (90.17%)
2026-01-26 01:32:15,057 - INFO - validation: 612/708 correct (86.44%) | prev max 86.16% @ 0 epoch

2026-01-26 01:32:15,210 - INFO - Epoch[3/5], CE Loss: 0.1860
2026-01-26 01:32:15,253 - INFO - train: 680/712 correct (95.51%)
2026-01-26 01:32:15,253 - INFO - validation: 627/708 correct (88.56%) | prev max 86.44% @ 1 epoch

2026-01-26 01:32:15,410 - INFO - Epoch[4/5], CE Loss: 0.1641
2026-01-26 01:32:15,454 - INFO - train: 697/712 correct (97.89%)
2026-01-26 01:32:15,455 - INFO - validation: 634/708 correct (89.55%) | prev max 88.56% @ 2 epoch

2026-01-26 01:32:15,613 - INFO - Epoch[5/5], CE Loss: 0.1325
2026-01-26 01:32:15,659 - INFO - train: 705/712 correct (99.02%)
2026-01-26 01:32:15,660 - INFO - validation: 635/708 correct (89.69%) | prev max 89.55% @ 3 epoch

2026-01-26 01:32:15,689 - INFO - 训练数据集大小: 712
2026-01-26 01:32:15,690 - INFO - No validation data loaded.
2026-01-26 01:32:15,690 - INFO - No test data loaded.
2026-01-26 01:32:15,691 - INFO - ---Training rDLM #12---
2026-01-26 01:32:15,846 - INFO - Epoch[1/5], CE Loss: 0.4881
2026-01-26 01:32:15,887 - INFO - train: 449/712 correct (63.06%)
2026-01-26 01:32:15,888 - INFO - validation: 602/708 correct (85.03%) | prev max 0.00% @ 0 epoch

2026-01-26 01:32:16,038 - INFO - Epoch[2/5], CE Loss: 0.3206
2026-01-26 01:32:16,079 - INFO - train: 646/712 correct (90.73%)
2026-01-26 01:32:16,079 - INFO - validation: 629/708 correct (88.84%) | prev max 85.03% @ 0 epoch

2026-01-26 01:32:16,232 - INFO - Epoch[3/5], CE Loss: 0.1875
2026-01-26 01:32:16,274 - INFO - train: 692/712 correct (97.19%)
2026-01-26 01:32:16,275 - INFO - validation: 630/708 correct (88.98%) | prev max 88.84% @ 1 epoch

2026-01-26 01:32:16,435 - INFO - Epoch[4/5], CE Loss: 0.1584
2026-01-26 01:32:16,478 - INFO - train: 700/712 correct (98.31%)
2026-01-26 01:32:16,478 - INFO - validation: 627/708 correct (88.56%) | prev max 88.98% @ 2 epoch

2026-01-26 01:32:16,620 - INFO - Epoch[5/5], CE Loss: 0.1225
2026-01-26 01:32:16,665 - INFO - train: 702/712 correct (98.60%)
2026-01-26 01:32:16,665 - INFO - validation: 633/708 correct (89.41%) | prev max 88.98% @ 2 epoch

2026-01-26 01:32:16,693 - INFO - 训练数据集大小: 712
2026-01-26 01:32:16,693 - INFO - No validation data loaded.
2026-01-26 01:32:16,694 - INFO - No test data loaded.
2026-01-26 01:32:16,694 - INFO - ---Training rDLM #13---
2026-01-26 01:32:16,849 - INFO - Epoch[1/5], CE Loss: 0.4807
2026-01-26 01:32:16,890 - INFO - train: 461/712 correct (64.75%)
2026-01-26 01:32:16,890 - INFO - validation: 624/708 correct (88.14%) | prev max 0.00% @ 0 epoch

2026-01-26 01:32:17,040 - INFO - Epoch[2/5], CE Loss: 0.3102
2026-01-26 01:32:17,081 - INFO - train: 657/712 correct (92.28%)
2026-01-26 01:32:17,082 - INFO - validation: 602/708 correct (85.03%) | prev max 88.14% @ 0 epoch

2026-01-26 01:32:17,222 - INFO - Epoch[3/5], CE Loss: 0.1571
2026-01-26 01:32:17,264 - INFO - train: 691/712 correct (97.05%)
2026-01-26 01:32:17,264 - INFO - validation: 639/708 correct (90.25%) | prev max 88.14% @ 0 epoch

2026-01-26 01:32:17,422 - INFO - Epoch[4/5], CE Loss: 0.1505
2026-01-26 01:32:17,464 - INFO - train: 700/712 correct (98.31%)
2026-01-26 01:32:17,465 - INFO - validation: 641/708 correct (90.54%) | prev max 90.25% @ 2 epoch

2026-01-26 01:32:17,622 - INFO - Epoch[5/5], CE Loss: 0.0999
2026-01-26 01:32:17,665 - INFO - train: 703/712 correct (98.74%)
2026-01-26 01:32:17,666 - INFO - validation: 632/708 correct (89.27%) | prev max 90.54% @ 3 epoch

2026-01-26 01:32:17,682 - INFO - 训练数据集大小: 712
2026-01-26 01:32:17,683 - INFO - No validation data loaded.
2026-01-26 01:32:17,683 - INFO - No test data loaded.
2026-01-26 01:32:17,684 - INFO - ---Training rDLM #14---
2026-01-26 01:32:17,840 - INFO - Epoch[1/5], CE Loss: 0.5850
2026-01-26 01:32:17,882 - INFO - train: 505/712 correct (70.93%)
2026-01-26 01:32:17,883 - INFO - validation: 559/708 correct (78.95%) | prev max 0.00% @ 0 epoch

2026-01-26 01:32:18,036 - INFO - Epoch[2/5], CE Loss: 0.2707
2026-01-26 01:32:18,079 - INFO - train: 647/712 correct (90.87%)
2026-01-26 01:32:18,080 - INFO - validation: 629/708 correct (88.84%) | prev max 78.95% @ 0 epoch

2026-01-26 01:32:18,232 - INFO - Epoch[3/5], CE Loss: 0.1902
2026-01-26 01:32:18,275 - INFO - train: 693/712 correct (97.33%)
2026-01-26 01:32:18,276 - INFO - validation: 620/708 correct (87.57%) | prev max 88.84% @ 1 epoch

2026-01-26 01:32:18,417 - INFO - Epoch[4/5], CE Loss: 0.1256
2026-01-26 01:32:18,461 - INFO - train: 701/712 correct (98.46%)
2026-01-26 01:32:18,461 - INFO - validation: 623/708 correct (87.99%) | prev max 88.84% @ 1 epoch

2026-01-26 01:32:18,605 - INFO - Epoch[5/5], CE Loss: 0.1281
2026-01-26 01:32:18,647 - INFO - train: 702/712 correct (98.60%)
2026-01-26 01:32:18,647 - INFO - validation: 635/708 correct (89.69%) | prev max 88.84% @ 1 epoch

2026-01-26 01:32:18,676 - INFO - 训练数据集大小: 712
2026-01-26 01:32:18,677 - INFO - No validation data loaded.
2026-01-26 01:32:18,677 - INFO - No test data loaded.
2026-01-26 01:32:18,678 - INFO - ---Training rDLM #15---
2026-01-26 01:32:18,831 - INFO - Epoch[1/5], CE Loss: 0.4656
2026-01-26 01:32:18,873 - INFO - train: 495/712 correct (69.52%)
2026-01-26 01:32:18,874 - INFO - validation: 608/708 correct (85.88%) | prev max 0.00% @ 0 epoch

2026-01-26 01:32:19,025 - INFO - Epoch[2/5], CE Loss: 0.2385
2026-01-26 01:32:19,067 - INFO - train: 654/712 correct (91.85%)
2026-01-26 01:32:19,067 - INFO - validation: 624/708 correct (88.14%) | prev max 85.88% @ 0 epoch

2026-01-26 01:32:19,218 - INFO - Epoch[3/5], CE Loss: 0.1724
2026-01-26 01:32:19,260 - INFO - train: 693/712 correct (97.33%)
2026-01-26 01:32:19,261 - INFO - validation: 622/708 correct (87.85%) | prev max 88.14% @ 1 epoch

2026-01-26 01:32:19,404 - INFO - Epoch[4/5], CE Loss: 0.1578
2026-01-26 01:32:19,446 - INFO - train: 708/712 correct (99.44%)
2026-01-26 01:32:19,446 - INFO - validation: 616/708 correct (87.01%) | prev max 88.14% @ 1 epoch

2026-01-26 01:32:19,590 - INFO - Epoch[5/5], CE Loss: 0.1136
2026-01-26 01:32:19,634 - INFO - train: 708/712 correct (99.44%)
2026-01-26 01:32:19,634 - INFO - validation: 626/708 correct (88.42%) | prev max 88.14% @ 1 epoch

2026-01-26 01:32:19,664 - INFO - 训练数据集大小: 712
2026-01-26 01:32:19,665 - INFO - No validation data loaded.
2026-01-26 01:32:19,665 - INFO - No test data loaded.
2026-01-26 01:32:19,666 - INFO - ---Training rDLM #16---
2026-01-26 01:32:19,821 - INFO - Epoch[1/5], CE Loss: 0.5282
2026-01-26 01:32:19,864 - INFO - train: 461/712 correct (64.75%)
2026-01-26 01:32:19,864 - INFO - validation: 624/708 correct (88.14%) | prev max 0.00% @ 0 epoch

2026-01-26 01:32:20,013 - INFO - Epoch[2/5], CE Loss: 0.3038
2026-01-26 01:32:20,056 - INFO - train: 647/712 correct (90.87%)
2026-01-26 01:32:20,056 - INFO - validation: 635/708 correct (89.69%) | prev max 88.14% @ 0 epoch

2026-01-26 01:32:20,207 - INFO - Epoch[3/5], CE Loss: 0.2191
2026-01-26 01:32:20,250 - INFO - train: 684/712 correct (96.07%)
2026-01-26 01:32:20,250 - INFO - validation: 636/708 correct (89.83%) | prev max 89.69% @ 1 epoch

2026-01-26 01:32:20,417 - INFO - Epoch[4/5], CE Loss: 0.1216
2026-01-26 01:32:20,461 - INFO - train: 701/712 correct (98.46%)
2026-01-26 01:32:20,462 - INFO - validation: 631/708 correct (89.12%) | prev max 89.83% @ 2 epoch

2026-01-26 01:32:20,605 - INFO - Epoch[5/5], CE Loss: 0.1332
2026-01-26 01:32:20,647 - INFO - train: 703/712 correct (98.74%)
2026-01-26 01:32:20,648 - INFO - validation: 634/708 correct (89.55%) | prev max 89.83% @ 2 epoch

2026-01-26 01:32:20,665 - INFO - 训练数据集大小: 712
2026-01-26 01:32:20,666 - INFO - No validation data loaded.
2026-01-26 01:32:20,666 - INFO - No test data loaded.
2026-01-26 01:32:20,667 - INFO - ---Training rDLM #17---
2026-01-26 01:32:20,823 - INFO - Epoch[1/5], CE Loss: 0.4558
2026-01-26 01:32:20,866 - INFO - train: 481/712 correct (67.56%)
2026-01-26 01:32:20,866 - INFO - validation: 630/708 correct (88.98%) | prev max 0.00% @ 0 epoch

2026-01-26 01:32:21,017 - INFO - Epoch[2/5], CE Loss: 0.2642
2026-01-26 01:32:21,060 - INFO - train: 658/712 correct (92.42%)
2026-01-26 01:32:21,060 - INFO - validation: 643/708 correct (90.82%) | prev max 88.98% @ 0 epoch

2026-01-26 01:32:21,216 - INFO - Epoch[3/5], CE Loss: 0.1959
2026-01-26 01:32:21,259 - INFO - train: 685/712 correct (96.21%)
2026-01-26 01:32:21,259 - INFO - validation: 632/708 correct (89.27%) | prev max 90.82% @ 1 epoch

2026-01-26 01:32:21,402 - INFO - Epoch[4/5], CE Loss: 0.1371
2026-01-26 01:32:21,446 - INFO - train: 702/712 correct (98.60%)
2026-01-26 01:32:21,446 - INFO - validation: 640/708 correct (90.40%) | prev max 90.82% @ 1 epoch

2026-01-26 01:32:21,589 - INFO - Epoch[5/5], CE Loss: 0.1521
2026-01-26 01:32:21,632 - INFO - train: 706/712 correct (99.16%)
2026-01-26 01:32:21,632 - INFO - validation: 637/708 correct (89.97%) | prev max 90.82% @ 1 epoch

2026-01-26 01:32:21,649 - INFO - 训练数据集大小: 712
2026-01-26 01:32:21,649 - INFO - No validation data loaded.
2026-01-26 01:32:21,649 - INFO - No test data loaded.
2026-01-26 01:32:21,650 - INFO - ---Training rDLM #18---
2026-01-26 01:32:21,804 - INFO - Epoch[1/5], CE Loss: 0.4651
2026-01-26 01:32:21,848 - INFO - train: 471/712 correct (66.15%)
2026-01-26 01:32:21,849 - INFO - validation: 612/708 correct (86.44%) | prev max 0.00% @ 0 epoch

2026-01-26 01:32:22,006 - INFO - Epoch[2/5], CE Loss: 0.2591
2026-01-26 01:32:22,049 - INFO - train: 643/712 correct (90.31%)
2026-01-26 01:32:22,049 - INFO - validation: 624/708 correct (88.14%) | prev max 86.44% @ 0 epoch

2026-01-26 01:32:22,202 - INFO - Epoch[3/5], CE Loss: 0.1384
2026-01-26 01:32:22,244 - INFO - train: 681/712 correct (95.65%)
2026-01-26 01:32:22,245 - INFO - validation: 632/708 correct (89.27%) | prev max 88.14% @ 1 epoch

2026-01-26 01:32:22,407 - INFO - Epoch[4/5], CE Loss: 0.1146
2026-01-26 01:32:22,450 - INFO - train: 704/712 correct (98.88%)
2026-01-26 01:32:22,451 - INFO - validation: 633/708 correct (89.41%) | prev max 89.27% @ 2 epoch

2026-01-26 01:32:22,608 - INFO - Epoch[5/5], CE Loss: 0.1166
2026-01-26 01:32:22,652 - INFO - train: 704/712 correct (98.88%)
2026-01-26 01:32:22,653 - INFO - validation: 637/708 correct (89.97%) | prev max 89.41% @ 3 epoch

2026-01-26 01:32:22,675 - INFO - 训练数据集大小: 712
2026-01-26 01:32:22,676 - INFO - No validation data loaded.
2026-01-26 01:32:22,676 - INFO - No test data loaded.
2026-01-26 01:32:22,676 - INFO - ---Training rDLM #19---
2026-01-26 01:32:22,838 - INFO - Epoch[1/5], CE Loss: 0.4558
2026-01-26 01:32:22,883 - INFO - train: 476/712 correct (66.85%)
2026-01-26 01:32:22,884 - INFO - validation: 597/708 correct (84.32%) | prev max 0.00% @ 0 epoch

2026-01-26 01:32:23,037 - INFO - Epoch[2/5], CE Loss: 0.2908
2026-01-26 01:32:23,081 - INFO - train: 674/712 correct (94.66%)
2026-01-26 01:32:23,081 - INFO - validation: 607/708 correct (85.73%) | prev max 84.32% @ 0 epoch

2026-01-26 01:32:23,231 - INFO - Epoch[3/5], CE Loss: 0.1597
2026-01-26 01:32:23,272 - INFO - train: 693/712 correct (97.33%)
2026-01-26 01:32:23,273 - INFO - validation: 630/708 correct (88.98%) | prev max 85.73% @ 1 epoch

2026-01-26 01:32:23,425 - INFO - Epoch[4/5], CE Loss: 0.1562
2026-01-26 01:32:23,470 - INFO - train: 703/712 correct (98.74%)
2026-01-26 01:32:23,470 - INFO - validation: 628/708 correct (88.70%) | prev max 88.98% @ 2 epoch

2026-01-26 01:32:23,612 - INFO - Epoch[5/5], CE Loss: 0.0880
2026-01-26 01:32:23,658 - INFO - train: 704/712 correct (98.88%)
2026-01-26 01:32:23,658 - INFO - validation: 622/708 correct (87.85%) | prev max 88.98% @ 2 epoch

2026-01-26 01:32:23,660 - INFO - ---Testing APIN rDLM---
2026-01-26 01:32:23,661 - INFO - ---Testing APIN rDLM #0---
2026-01-26 01:32:23,807 - INFO - Prediction accuracy: 87.71%
2026-01-26 01:32:23,807 - INFO - ---Testing APIN rDLM #1---
2026-01-26 01:32:23,938 - INFO - Prediction accuracy: 88.13%
2026-01-26 01:32:23,938 - INFO - ---Testing APIN rDLM #2---
2026-01-26 01:32:24,062 - INFO - Prediction accuracy: 88.13%
2026-01-26 01:32:24,063 - INFO - ---Testing APIN rDLM #3---
2026-01-26 01:32:24,187 - INFO - Prediction accuracy: 87.85%
2026-01-26 01:32:24,187 - INFO - ---Testing APIN rDLM #4---
2026-01-26 01:32:24,307 - INFO - Prediction accuracy: 89.54%
2026-01-26 01:32:24,308 - INFO - ---Testing APIN rDLM #5---
2026-01-26 01:32:24,423 - INFO - Prediction accuracy: 86.73%
2026-01-26 01:32:24,423 - INFO - ---Testing APIN rDLM #6---
2026-01-26 01:32:24,540 - INFO - Prediction accuracy: 88.41%
2026-01-26 01:32:24,541 - INFO - ---Testing APIN rDLM #7---
2026-01-26 01:32:24,657 - INFO - Prediction accuracy: 89.26%
2026-01-26 01:32:24,658 - INFO - ---Testing APIN rDLM #8---
2026-01-26 01:32:24,778 - INFO - Prediction accuracy: 89.33%
2026-01-26 01:32:24,779 - INFO - ---Testing APIN rDLM #9---
2026-01-26 01:32:24,888 - INFO - Prediction accuracy: 88.34%
2026-01-26 01:32:24,888 - INFO - ---Testing APIN rDLM #10---
2026-01-26 01:32:25,015 - INFO - Prediction accuracy: 90.31%
2026-01-26 01:32:25,015 - INFO - ---Testing APIN rDLM #11---
2026-01-26 01:32:25,143 - INFO - Prediction accuracy: 88.62%
2026-01-26 01:32:25,144 - INFO - ---Testing APIN rDLM #12---
2026-01-26 01:32:25,264 - INFO - Prediction accuracy: 88.76%
2026-01-26 01:32:25,264 - INFO - ---Testing APIN rDLM #13---
2026-01-26 01:32:25,385 - INFO - Prediction accuracy: 88.06%
2026-01-26 01:32:25,386 - INFO - ---Testing APIN rDLM #14---
2026-01-26 01:32:25,499 - INFO - Prediction accuracy: 89.04%
2026-01-26 01:32:25,499 - INFO - ---Testing APIN rDLM #15---
2026-01-26 01:32:25,616 - INFO - Prediction accuracy: 89.12%
2026-01-26 01:32:25,617 - INFO - ---Testing APIN rDLM #16---
2026-01-26 01:32:25,742 - INFO - Prediction accuracy: 88.41%
2026-01-26 01:32:25,743 - INFO - ---Testing APIN rDLM #17---
2026-01-26 01:32:25,856 - INFO - Prediction accuracy: 89.19%
2026-01-26 01:32:25,857 - INFO - ---Testing APIN rDLM #18---
2026-01-26 01:32:25,979 - INFO - Prediction accuracy: 88.90%
2026-01-26 01:32:25,980 - INFO - ---Testing APIN rDLM #19---
2026-01-26 01:32:26,091 - INFO - Prediction accuracy: 88.06%
2026-02-01 15:06:00,258 - INFO - No training data loaded.
2026-02-01 15:06:00,264 - INFO - 验证数据集大小: 3014
2026-02-01 15:06:00,265 - INFO - 测试数据集大小: 3014
2026-02-01 15:06:00,266 - INFO - ---Training APIN rDLM---
2026-02-01 15:06:00,392 - INFO - 训练数据集大小: 4523
2026-02-01 15:06:00,393 - INFO - No validation data loaded.
2026-02-01 15:06:00,393 - INFO - No test data loaded.
2026-02-01 15:06:00,394 - INFO - ---Training rDLM #0---
2026-02-01 15:06:02,396 - INFO - Epoch[1/5], CE Loss: 0.4118
2026-02-01 15:06:02,558 - INFO - train: 3398/4523 correct (75.13%)
2026-02-01 15:06:02,558 - INFO - validation: 2599/3014 correct (86.23%) | prev max 0.00% @ 0 epoch

2026-02-01 15:06:03,402 - INFO - Epoch[2/5], CE Loss: 0.3517
2026-02-01 15:06:03,569 - INFO - train: 3915/4523 correct (86.56%)
2026-02-01 15:06:03,569 - INFO - validation: 2617/3014 correct (86.83%) | prev max 86.23% @ 0 epoch

2026-02-01 15:06:04,411 - INFO - Epoch[3/5], CE Loss: 0.3742
2026-02-01 15:06:04,570 - INFO - train: 4067/4523 correct (89.92%)
2026-02-01 15:06:04,570 - INFO - validation: 2617/3014 correct (86.83%) | prev max 86.83% @ 1 epoch

2026-02-01 15:06:05,425 - INFO - Epoch[4/5], CE Loss: 0.2580
2026-02-01 15:06:05,589 - INFO - train: 4149/4523 correct (91.73%)
2026-02-01 15:06:05,590 - INFO - validation: 2623/3014 correct (87.03%) | prev max 86.83% @ 1 epoch

2026-02-01 15:06:06,440 - INFO - Epoch[5/5], CE Loss: 0.3201
2026-02-01 15:06:06,600 - INFO - train: 4234/4523 correct (93.61%)
2026-02-01 15:06:06,600 - INFO - validation: 2644/3014 correct (87.72%) | prev max 87.03% @ 3 epoch

2026-02-01 15:06:06,747 - INFO - 训练数据集大小: 4523
2026-02-01 15:06:06,748 - INFO - No validation data loaded.
2026-02-01 15:06:06,748 - INFO - No test data loaded.
2026-02-01 15:06:06,749 - INFO - ---Training rDLM #1---
2026-02-01 15:06:07,600 - INFO - Epoch[1/5], CE Loss: 0.3583
2026-02-01 15:06:07,758 - INFO - train: 3543/4523 correct (78.33%)
2026-02-01 15:06:07,759 - INFO - validation: 2607/3014 correct (86.50%) | prev max 0.00% @ 0 epoch

2026-02-01 15:06:08,612 - INFO - Epoch[2/5], CE Loss: 0.3470
2026-02-01 15:06:08,771 - INFO - train: 3938/4523 correct (87.07%)
2026-02-01 15:06:08,771 - INFO - validation: 2631/3014 correct (87.29%) | prev max 86.50% @ 0 epoch

2026-02-01 15:06:09,622 - INFO - Epoch[3/5], CE Loss: 0.3241
2026-02-01 15:06:09,781 - INFO - train: 4087/4523 correct (90.36%)
2026-02-01 15:06:09,782 - INFO - validation: 2622/3014 correct (86.99%) | prev max 87.29% @ 1 epoch

2026-02-01 15:06:10,626 - INFO - Epoch[4/5], CE Loss: 0.2910
2026-02-01 15:06:10,787 - INFO - train: 4170/4523 correct (92.20%)
2026-02-01 15:06:10,787 - INFO - validation: 2657/3014 correct (88.16%) | prev max 87.29% @ 1 epoch

2026-02-01 15:06:11,643 - INFO - Epoch[5/5], CE Loss: 0.1711
2026-02-01 15:06:11,804 - INFO - train: 4216/4523 correct (93.21%)
2026-02-01 15:06:11,804 - INFO - validation: 2660/3014 correct (88.25%) | prev max 88.16% @ 3 epoch

2026-02-01 15:06:11,936 - INFO - 训练数据集大小: 4523
2026-02-01 15:06:11,937 - INFO - No validation data loaded.
2026-02-01 15:06:11,937 - INFO - No test data loaded.
2026-02-01 15:06:11,939 - INFO - ---Training rDLM #2---
2026-02-01 15:06:12,794 - INFO - Epoch[1/5], CE Loss: 0.5176
2026-02-01 15:06:12,953 - INFO - train: 3452/4523 correct (76.32%)
2026-02-01 15:06:12,953 - INFO - validation: 2578/3014 correct (85.53%) | prev max 0.00% @ 0 epoch

2026-02-01 15:06:13,804 - INFO - Epoch[2/5], CE Loss: 0.2775
2026-02-01 15:06:13,963 - INFO - train: 3946/4523 correct (87.24%)
2026-02-01 15:06:13,963 - INFO - validation: 2631/3014 correct (87.29%) | prev max 85.53% @ 0 epoch

2026-02-01 15:06:14,816 - INFO - Epoch[3/5], CE Loss: 0.2630
2026-02-01 15:06:14,975 - INFO - train: 4052/4523 correct (89.59%)
2026-02-01 15:06:14,975 - INFO - validation: 2635/3014 correct (87.43%) | prev max 87.29% @ 1 epoch

2026-02-01 15:06:15,829 - INFO - Epoch[4/5], CE Loss: 0.1952
2026-02-01 15:06:15,988 - INFO - train: 4162/4523 correct (92.02%)
2026-02-01 15:06:15,988 - INFO - validation: 2650/3014 correct (87.92%) | prev max 87.43% @ 2 epoch

2026-02-01 15:06:16,841 - INFO - Epoch[5/5], CE Loss: 0.3139
2026-02-01 15:06:17,001 - INFO - train: 4241/4523 correct (93.77%)
2026-02-01 15:06:17,001 - INFO - validation: 2654/3014 correct (88.06%) | prev max 87.92% @ 3 epoch

2026-02-01 15:06:17,123 - INFO - 训练数据集大小: 4523
2026-02-01 15:06:17,123 - INFO - No validation data loaded.
2026-02-01 15:06:17,124 - INFO - No test data loaded.
2026-02-01 15:06:17,125 - INFO - ---Training rDLM #3---
2026-02-01 15:06:17,980 - INFO - Epoch[1/5], CE Loss: 0.5743
2026-02-01 15:06:18,140 - INFO - train: 3380/4523 correct (74.73%)
2026-02-01 15:06:18,140 - INFO - validation: 2625/3014 correct (87.09%) | prev max 0.00% @ 0 epoch

2026-02-01 15:06:18,990 - INFO - Epoch[2/5], CE Loss: 0.3172
2026-02-01 15:06:19,150 - INFO - train: 3910/4523 correct (86.45%)
2026-02-01 15:06:19,151 - INFO - validation: 2651/3014 correct (87.96%) | prev max 87.09% @ 0 epoch

2026-02-01 15:06:20,005 - INFO - Epoch[3/5], CE Loss: 0.2921
2026-02-01 15:06:20,166 - INFO - train: 4021/4523 correct (88.90%)
2026-02-01 15:06:20,167 - INFO - validation: 2665/3014 correct (88.42%) | prev max 87.96% @ 1 epoch

2026-02-01 15:06:21,016 - INFO - Epoch[4/5], CE Loss: 0.2605
2026-02-01 15:06:21,176 - INFO - train: 4118/4523 correct (91.05%)
2026-02-01 15:06:21,176 - INFO - validation: 2668/3014 correct (88.52%) | prev max 88.42% @ 2 epoch

2026-02-01 15:06:22,029 - INFO - Epoch[5/5], CE Loss: 0.2930
2026-02-01 15:06:22,189 - INFO - train: 4166/4523 correct (92.11%)
2026-02-01 15:06:22,189 - INFO - validation: 2675/3014 correct (88.75%) | prev max 88.52% @ 3 epoch

2026-02-01 15:06:22,321 - INFO - 训练数据集大小: 4523
2026-02-01 15:06:22,321 - INFO - No validation data loaded.
2026-02-01 15:06:22,321 - INFO - No test data loaded.
2026-02-01 15:06:22,323 - INFO - ---Training rDLM #4---
2026-02-01 15:06:23,179 - INFO - Epoch[1/5], CE Loss: 0.2223
2026-02-01 15:06:23,338 - INFO - train: 3480/4523 correct (76.94%)
2026-02-01 15:06:23,339 - INFO - validation: 2492/3014 correct (82.68%) | prev max 0.00% @ 0 epoch

2026-02-01 15:06:24,193 - INFO - Epoch[2/5], CE Loss: 0.4093
2026-02-01 15:06:24,355 - INFO - train: 3904/4523 correct (86.31%)
2026-02-01 15:06:24,355 - INFO - validation: 2628/3014 correct (87.19%) | prev max 82.68% @ 0 epoch

2026-02-01 15:06:25,206 - INFO - Epoch[3/5], CE Loss: 0.1627
2026-02-01 15:06:25,366 - INFO - train: 4068/4523 correct (89.94%)
2026-02-01 15:06:25,366 - INFO - validation: 2636/3014 correct (87.46%) | prev max 87.19% @ 1 epoch

2026-02-01 15:06:26,218 - INFO - Epoch[4/5], CE Loss: 0.1739
2026-02-01 15:06:26,378 - INFO - train: 4145/4523 correct (91.64%)
2026-02-01 15:06:26,378 - INFO - validation: 2629/3014 correct (87.23%) | prev max 87.46% @ 2 epoch

2026-02-01 15:06:27,224 - INFO - Epoch[5/5], CE Loss: 0.1752
2026-02-01 15:06:27,386 - INFO - train: 4200/4523 correct (92.86%)
2026-02-01 15:06:27,386 - INFO - validation: 2665/3014 correct (88.42%) | prev max 87.46% @ 2 epoch

2026-02-01 15:06:27,531 - INFO - 训练数据集大小: 4523
2026-02-01 15:06:27,532 - INFO - No validation data loaded.
2026-02-01 15:06:27,532 - INFO - No test data loaded.
2026-02-01 15:06:27,533 - INFO - ---Training rDLM #5---
2026-02-01 15:06:28,390 - INFO - Epoch[1/5], CE Loss: 0.3990
2026-02-01 15:06:28,551 - INFO - train: 3463/4523 correct (76.56%)
2026-02-01 15:06:28,552 - INFO - validation: 2569/3014 correct (85.24%) | prev max 0.00% @ 0 epoch

2026-02-01 15:06:29,403 - INFO - Epoch[2/5], CE Loss: 0.3822
2026-02-01 15:06:29,564 - INFO - train: 3904/4523 correct (86.31%)
2026-02-01 15:06:29,564 - INFO - validation: 2639/3014 correct (87.56%) | prev max 85.24% @ 0 epoch

2026-02-01 15:06:30,417 - INFO - Epoch[3/5], CE Loss: 0.2037
2026-02-01 15:06:30,577 - INFO - train: 3992/4523 correct (88.26%)
2026-02-01 15:06:30,577 - INFO - validation: 2646/3014 correct (87.79%) | prev max 87.56% @ 1 epoch

2026-02-01 15:06:31,426 - INFO - Epoch[4/5], CE Loss: 0.2064
2026-02-01 15:06:31,586 - INFO - train: 4116/4523 correct (91.00%)
2026-02-01 15:06:31,587 - INFO - validation: 2647/3014 correct (87.82%) | prev max 87.79% @ 2 epoch

2026-02-01 15:06:32,438 - INFO - Epoch[5/5], CE Loss: 0.2771
2026-02-01 15:06:32,601 - INFO - train: 4185/4523 correct (92.53%)
2026-02-01 15:06:32,601 - INFO - validation: 2667/3014 correct (88.49%) | prev max 87.82% @ 3 epoch

2026-02-01 15:06:32,718 - INFO - 训练数据集大小: 4523
2026-02-01 15:06:32,718 - INFO - No validation data loaded.
2026-02-01 15:06:32,719 - INFO - No test data loaded.
2026-02-01 15:06:32,720 - INFO - ---Training rDLM #6---
2026-02-01 15:06:33,575 - INFO - Epoch[1/5], CE Loss: 0.6343
2026-02-01 15:06:33,734 - INFO - train: 3388/4523 correct (74.91%)
2026-02-01 15:06:33,735 - INFO - validation: 2609/3014 correct (86.56%) | prev max 0.00% @ 0 epoch

2026-02-01 15:06:34,589 - INFO - Epoch[2/5], CE Loss: 0.3798
2026-02-01 15:06:34,750 - INFO - train: 3902/4523 correct (86.27%)
2026-02-01 15:06:34,750 - INFO - validation: 2635/3014 correct (87.43%) | prev max 86.56% @ 0 epoch

2026-02-01 15:06:35,600 - INFO - Epoch[3/5], CE Loss: 0.3195
2026-02-01 15:06:35,759 - INFO - train: 4037/4523 correct (89.25%)
2026-02-01 15:06:35,759 - INFO - validation: 2650/3014 correct (87.92%) | prev max 87.43% @ 1 epoch

2026-02-01 15:06:36,610 - INFO - Epoch[4/5], CE Loss: 0.3257
2026-02-01 15:06:36,770 - INFO - train: 4113/4523 correct (90.94%)
2026-02-01 15:06:36,771 - INFO - validation: 2648/3014 correct (87.86%) | prev max 87.92% @ 2 epoch

2026-02-01 15:06:37,613 - INFO - Epoch[5/5], CE Loss: 0.2253
2026-02-01 15:06:37,773 - INFO - train: 4187/4523 correct (92.57%)
2026-02-01 15:06:37,774 - INFO - validation: 2665/3014 correct (88.42%) | prev max 87.92% @ 2 epoch

2026-02-01 15:06:37,889 - INFO - 训练数据集大小: 4523
2026-02-01 15:06:37,889 - INFO - No validation data loaded.
2026-02-01 15:06:37,890 - INFO - No test data loaded.
2026-02-01 15:06:37,891 - INFO - ---Training rDLM #7---
2026-02-01 15:06:38,748 - INFO - Epoch[1/5], CE Loss: 0.3902
2026-02-01 15:06:38,909 - INFO - train: 3425/4523 correct (75.72%)
2026-02-01 15:06:38,910 - INFO - validation: 2588/3014 correct (85.87%) | prev max 0.00% @ 0 epoch

2026-02-01 15:06:39,764 - INFO - Epoch[2/5], CE Loss: 0.2690
2026-02-01 15:06:39,925 - INFO - train: 3894/4523 correct (86.09%)
2026-02-01 15:06:39,925 - INFO - validation: 2608/3014 correct (86.53%) | prev max 85.87% @ 0 epoch

2026-02-01 15:06:40,777 - INFO - Epoch[3/5], CE Loss: 0.2912
2026-02-01 15:06:40,939 - INFO - train: 4009/4523 correct (88.64%)
2026-02-01 15:06:40,939 - INFO - validation: 2638/3014 correct (87.52%) | prev max 86.53% @ 1 epoch

2026-02-01 15:06:41,793 - INFO - Epoch[4/5], CE Loss: 0.2108
2026-02-01 15:06:41,953 - INFO - train: 4145/4523 correct (91.64%)
2026-02-01 15:06:41,953 - INFO - validation: 2639/3014 correct (87.56%) | prev max 87.52% @ 2 epoch

2026-02-01 15:06:42,805 - INFO - Epoch[5/5], CE Loss: 0.1318
2026-02-01 15:06:42,965 - INFO - train: 4175/4523 correct (92.31%)
2026-02-01 15:06:42,965 - INFO - validation: 2645/3014 correct (87.76%) | prev max 87.56% @ 3 epoch

2026-02-01 15:06:43,083 - INFO - 训练数据集大小: 4523
2026-02-01 15:06:43,083 - INFO - No validation data loaded.
2026-02-01 15:06:43,083 - INFO - No test data loaded.
2026-02-01 15:06:43,084 - INFO - ---Training rDLM #8---
2026-02-01 15:06:43,940 - INFO - Epoch[1/5], CE Loss: 0.4762
2026-02-01 15:06:44,100 - INFO - train: 3386/4523 correct (74.86%)
2026-02-01 15:06:44,100 - INFO - validation: 2606/3014 correct (86.46%) | prev max 0.00% @ 0 epoch

2026-02-01 15:06:44,953 - INFO - Epoch[2/5], CE Loss: 0.3560
2026-02-01 15:06:45,115 - INFO - train: 3917/4523 correct (86.60%)
2026-02-01 15:06:45,115 - INFO - validation: 2611/3014 correct (86.63%) | prev max 86.46% @ 0 epoch

2026-02-01 15:06:45,971 - INFO - Epoch[3/5], CE Loss: 0.2808
2026-02-01 15:06:46,131 - INFO - train: 4046/4523 correct (89.45%)
2026-02-01 15:06:46,132 - INFO - validation: 2630/3014 correct (87.26%) | prev max 86.63% @ 1 epoch

2026-02-01 15:06:46,983 - INFO - Epoch[4/5], CE Loss: 0.2308
2026-02-01 15:06:47,143 - INFO - train: 4134/4523 correct (91.40%)
2026-02-01 15:06:47,143 - INFO - validation: 2645/3014 correct (87.76%) | prev max 87.26% @ 2 epoch

2026-02-01 15:06:47,994 - INFO - Epoch[5/5], CE Loss: 0.1614
2026-02-01 15:06:48,155 - INFO - train: 4201/4523 correct (92.88%)
2026-02-01 15:06:48,156 - INFO - validation: 2652/3014 correct (87.99%) | prev max 87.76% @ 3 epoch

2026-02-01 15:06:48,275 - INFO - 训练数据集大小: 4523
2026-02-01 15:06:48,276 - INFO - No validation data loaded.
2026-02-01 15:06:48,276 - INFO - No test data loaded.
2026-02-01 15:06:48,278 - INFO - ---Training rDLM #9---
2026-02-01 15:06:49,131 - INFO - Epoch[1/5], CE Loss: 0.3236
2026-02-01 15:06:49,292 - INFO - train: 3411/4523 correct (75.41%)
2026-02-01 15:06:49,292 - INFO - validation: 2578/3014 correct (85.53%) | prev max 0.00% @ 0 epoch

2026-02-01 15:06:50,148 - INFO - Epoch[2/5], CE Loss: 0.3435
2026-02-01 15:06:50,309 - INFO - train: 3928/4523 correct (86.85%)
2026-02-01 15:06:50,309 - INFO - validation: 2547/3014 correct (84.51%) | prev max 85.53% @ 0 epoch

2026-02-01 15:06:51,155 - INFO - Epoch[3/5], CE Loss: 0.1594
2026-02-01 15:06:51,315 - INFO - train: 4035/4523 correct (89.21%)
2026-02-01 15:06:51,316 - INFO - validation: 2610/3014 correct (86.60%) | prev max 85.53% @ 0 epoch

2026-02-01 15:06:52,171 - INFO - Epoch[4/5], CE Loss: 0.2809
2026-02-01 15:06:52,332 - INFO - train: 4154/4523 correct (91.84%)
2026-02-01 15:06:52,332 - INFO - validation: 2657/3014 correct (88.16%) | prev max 86.60% @ 2 epoch

2026-02-01 15:06:53,186 - INFO - Epoch[5/5], CE Loss: 0.1965
2026-02-01 15:06:53,346 - INFO - train: 4198/4523 correct (92.81%)
2026-02-01 15:06:53,346 - INFO - validation: 2649/3014 correct (87.89%) | prev max 88.16% @ 3 epoch

2026-02-01 15:06:53,456 - INFO - 训练数据集大小: 4523
2026-02-01 15:06:53,456 - INFO - No validation data loaded.
2026-02-01 15:06:53,456 - INFO - No test data loaded.
2026-02-01 15:06:53,458 - INFO - ---Training rDLM #10---
2026-02-01 15:06:54,312 - INFO - Epoch[1/5], CE Loss: 0.4064
2026-02-01 15:06:54,474 - INFO - train: 3441/4523 correct (76.08%)
2026-02-01 15:06:54,474 - INFO - validation: 2601/3014 correct (86.30%) | prev max 0.00% @ 0 epoch

2026-02-01 15:06:55,328 - INFO - Epoch[2/5], CE Loss: 0.4031
2026-02-01 15:06:55,488 - INFO - train: 3831/4523 correct (84.70%)
2026-02-01 15:06:55,489 - INFO - validation: 2595/3014 correct (86.10%) | prev max 86.30% @ 0 epoch

2026-02-01 15:06:56,335 - INFO - Epoch[3/5], CE Loss: 0.2081
2026-02-01 15:06:56,496 - INFO - train: 4008/4523 correct (88.61%)
2026-02-01 15:06:56,496 - INFO - validation: 2627/3014 correct (87.16%) | prev max 86.30% @ 0 epoch

2026-02-01 15:06:57,348 - INFO - Epoch[4/5], CE Loss: 0.2183
2026-02-01 15:06:57,508 - INFO - train: 4129/4523 correct (91.29%)
2026-02-01 15:06:57,509 - INFO - validation: 2628/3014 correct (87.19%) | prev max 87.16% @ 2 epoch

2026-02-01 15:06:58,362 - INFO - Epoch[5/5], CE Loss: 0.2732
2026-02-01 15:06:58,523 - INFO - train: 4156/4523 correct (91.89%)
2026-02-01 15:06:58,523 - INFO - validation: 2621/3014 correct (86.96%) | prev max 87.19% @ 3 epoch

2026-02-01 15:06:58,656 - INFO - 训练数据集大小: 4523
2026-02-01 15:06:58,657 - INFO - No validation data loaded.
2026-02-01 15:06:58,657 - INFO - No test data loaded.
2026-02-01 15:06:58,659 - INFO - ---Training rDLM #11---
2026-02-01 15:06:59,512 - INFO - Epoch[1/5], CE Loss: 0.3393
2026-02-01 15:06:59,673 - INFO - train: 3455/4523 correct (76.39%)
2026-02-01 15:06:59,673 - INFO - validation: 2594/3014 correct (86.07%) | prev max 0.00% @ 0 epoch

2026-02-01 15:07:00,529 - INFO - Epoch[2/5], CE Loss: 0.3321
2026-02-01 15:07:00,689 - INFO - train: 3922/4523 correct (86.71%)
2026-02-01 15:07:00,689 - INFO - validation: 2624/3014 correct (87.06%) | prev max 86.07% @ 0 epoch

2026-02-01 15:07:01,542 - INFO - Epoch[3/5], CE Loss: 0.2964
2026-02-01 15:07:01,702 - INFO - train: 4052/4523 correct (89.59%)
2026-02-01 15:07:01,702 - INFO - validation: 2616/3014 correct (86.79%) | prev max 87.06% @ 1 epoch

2026-02-01 15:07:02,548 - INFO - Epoch[4/5], CE Loss: 0.3012
2026-02-01 15:07:02,708 - INFO - train: 4188/4523 correct (92.59%)
2026-02-01 15:07:02,708 - INFO - validation: 2628/3014 correct (87.19%) | prev max 87.06% @ 1 epoch

2026-02-01 15:07:03,559 - INFO - Epoch[5/5], CE Loss: 0.2090
2026-02-01 15:07:03,718 - INFO - train: 4222/4523 correct (93.35%)
2026-02-01 15:07:03,718 - INFO - validation: 2647/3014 correct (87.82%) | prev max 87.19% @ 3 epoch

2026-02-01 15:07:03,846 - INFO - 训练数据集大小: 4523
2026-02-01 15:07:03,846 - INFO - No validation data loaded.
2026-02-01 15:07:03,847 - INFO - No test data loaded.
2026-02-01 15:07:03,848 - INFO - ---Training rDLM #12---
2026-02-01 15:07:04,703 - INFO - Epoch[1/5], CE Loss: 0.3995
2026-02-01 15:07:04,865 - INFO - train: 3537/4523 correct (78.20%)
2026-02-01 15:07:04,865 - INFO - validation: 2601/3014 correct (86.30%) | prev max 0.00% @ 0 epoch

2026-02-01 15:07:05,717 - INFO - Epoch[2/5], CE Loss: 0.2141
2026-02-01 15:07:05,877 - INFO - train: 3946/4523 correct (87.24%)
2026-02-01 15:07:05,877 - INFO - validation: 2587/3014 correct (85.83%) | prev max 86.30% @ 0 epoch

2026-02-01 15:07:06,722 - INFO - Epoch[3/5], CE Loss: 0.2498
2026-02-01 15:07:06,883 - INFO - train: 4074/4523 correct (90.07%)
2026-02-01 15:07:06,884 - INFO - validation: 2605/3014 correct (86.43%) | prev max 86.30% @ 0 epoch

2026-02-01 15:07:07,739 - INFO - Epoch[4/5], CE Loss: 0.2056
2026-02-01 15:07:07,899 - INFO - train: 4139/4523 correct (91.51%)
2026-02-01 15:07:07,899 - INFO - validation: 2643/3014 correct (87.69%) | prev max 86.43% @ 2 epoch

2026-02-01 15:07:08,754 - INFO - Epoch[5/5], CE Loss: 0.2657
2026-02-01 15:07:08,915 - INFO - train: 4209/4523 correct (93.06%)
2026-02-01 15:07:08,916 - INFO - validation: 2647/3014 correct (87.82%) | prev max 87.69% @ 3 epoch

2026-02-01 15:07:09,034 - INFO - 训练数据集大小: 4523
2026-02-01 15:07:09,034 - INFO - No validation data loaded.
2026-02-01 15:07:09,034 - INFO - No test data loaded.
2026-02-01 15:07:09,035 - INFO - ---Training rDLM #13---
2026-02-01 15:07:09,887 - INFO - Epoch[1/5], CE Loss: 0.4135
2026-02-01 15:07:10,048 - INFO - train: 3473/4523 correct (76.79%)
2026-02-01 15:07:10,048 - INFO - validation: 2610/3014 correct (86.60%) | prev max 0.00% @ 0 epoch

2026-02-01 15:07:10,903 - INFO - Epoch[2/5], CE Loss: 0.3484
2026-02-01 15:07:11,063 - INFO - train: 3896/4523 correct (86.14%)
2026-02-01 15:07:11,064 - INFO - validation: 2634/3014 correct (87.39%) | prev max 86.60% @ 0 epoch

2026-02-01 15:07:11,921 - INFO - Epoch[3/5], CE Loss: 0.2795
2026-02-01 15:07:12,082 - INFO - train: 4031/4523 correct (89.12%)
2026-02-01 15:07:12,082 - INFO - validation: 2638/3014 correct (87.52%) | prev max 87.39% @ 1 epoch

2026-02-01 15:07:12,936 - INFO - Epoch[4/5], CE Loss: 0.2231
2026-02-01 15:07:13,096 - INFO - train: 4094/4523 correct (90.52%)
2026-02-01 15:07:13,097 - INFO - validation: 2653/3014 correct (88.02%) | prev max 87.52% @ 2 epoch

2026-02-01 15:07:13,950 - INFO - Epoch[5/5], CE Loss: 0.2191
2026-02-01 15:07:14,110 - INFO - train: 4196/4523 correct (92.77%)
2026-02-01 15:07:14,111 - INFO - validation: 2633/3014 correct (87.36%) | prev max 88.02% @ 3 epoch

2026-02-01 15:07:14,229 - INFO - 训练数据集大小: 4523
2026-02-01 15:07:14,229 - INFO - No validation data loaded.
2026-02-01 15:07:14,229 - INFO - No test data loaded.
2026-02-01 15:07:14,231 - INFO - ---Training rDLM #14---
2026-02-01 15:07:15,083 - INFO - Epoch[1/5], CE Loss: 0.4624
2026-02-01 15:07:15,243 - INFO - train: 3454/4523 correct (76.37%)
2026-02-01 15:07:15,243 - INFO - validation: 2601/3014 correct (86.30%) | prev max 0.00% @ 0 epoch

2026-02-01 15:07:16,099 - INFO - Epoch[2/5], CE Loss: 0.3352
2026-02-01 15:07:16,258 - INFO - train: 3956/4523 correct (87.46%)
2026-02-01 15:07:16,258 - INFO - validation: 2587/3014 correct (85.83%) | prev max 86.30% @ 0 epoch

2026-02-01 15:07:17,103 - INFO - Epoch[3/5], CE Loss: 0.2043
2026-02-01 15:07:17,262 - INFO - train: 4062/4523 correct (89.81%)
2026-02-01 15:07:17,263 - INFO - validation: 2628/3014 correct (87.19%) | prev max 86.30% @ 0 epoch

2026-02-01 15:07:18,114 - INFO - Epoch[4/5], CE Loss: 0.1874
2026-02-01 15:07:18,274 - INFO - train: 4179/4523 correct (92.39%)
2026-02-01 15:07:18,274 - INFO - validation: 2615/3014 correct (86.76%) | prev max 87.19% @ 2 epoch

2026-02-01 15:07:19,122 - INFO - Epoch[5/5], CE Loss: 0.1380
2026-02-01 15:07:19,283 - INFO - train: 4232/4523 correct (93.57%)
2026-02-01 15:07:19,283 - INFO - validation: 2648/3014 correct (87.86%) | prev max 87.19% @ 2 epoch

2026-02-01 15:07:19,428 - INFO - 训练数据集大小: 4523
2026-02-01 15:07:19,429 - INFO - No validation data loaded.
2026-02-01 15:07:19,429 - INFO - No test data loaded.
2026-02-01 15:07:19,431 - INFO - ---Training rDLM #15---
2026-02-01 15:07:20,282 - INFO - Epoch[1/5], CE Loss: 0.4261
2026-02-01 15:07:20,443 - INFO - train: 3459/4523 correct (76.48%)
2026-02-01 15:07:20,444 - INFO - validation: 2565/3014 correct (85.10%) | prev max 0.00% @ 0 epoch

2026-02-01 15:07:21,296 - INFO - Epoch[2/5], CE Loss: 0.2968
2026-02-01 15:07:21,458 - INFO - train: 3909/4523 correct (86.42%)
2026-02-01 15:07:21,458 - INFO - validation: 2570/3014 correct (85.27%) | prev max 85.10% @ 0 epoch

2026-02-01 15:07:22,311 - INFO - Epoch[3/5], CE Loss: 0.2098
2026-02-01 15:07:22,471 - INFO - train: 4066/4523 correct (89.90%)
2026-02-01 15:07:22,472 - INFO - validation: 2625/3014 correct (87.09%) | prev max 85.27% @ 1 epoch

2026-02-01 15:07:23,324 - INFO - Epoch[4/5], CE Loss: 0.2032
2026-02-01 15:07:23,483 - INFO - train: 4140/4523 correct (91.53%)
2026-02-01 15:07:23,484 - INFO - validation: 2608/3014 correct (86.53%) | prev max 87.09% @ 2 epoch

2026-02-01 15:07:24,332 - INFO - Epoch[5/5], CE Loss: 0.2398
2026-02-01 15:07:24,493 - INFO - train: 4205/4523 correct (92.97%)
2026-02-01 15:07:24,493 - INFO - validation: 2640/3014 correct (87.59%) | prev max 87.09% @ 2 epoch

2026-02-01 15:07:24,619 - INFO - 训练数据集大小: 4523
2026-02-01 15:07:24,620 - INFO - No validation data loaded.
2026-02-01 15:07:24,620 - INFO - No test data loaded.
2026-02-01 15:07:24,621 - INFO - ---Training rDLM #16---
2026-02-01 15:07:25,477 - INFO - Epoch[1/5], CE Loss: 0.2924
2026-02-01 15:07:25,640 - INFO - train: 3442/4523 correct (76.10%)
2026-02-01 15:07:25,640 - INFO - validation: 2568/3014 correct (85.20%) | prev max 0.00% @ 0 epoch

2026-02-01 15:07:26,496 - INFO - Epoch[2/5], CE Loss: 0.2305
2026-02-01 15:07:26,656 - INFO - train: 3908/4523 correct (86.40%)
2026-02-01 15:07:26,657 - INFO - validation: 2596/3014 correct (86.13%) | prev max 85.20% @ 0 epoch

2026-02-01 15:07:27,512 - INFO - Epoch[3/5], CE Loss: 0.3770
2026-02-01 15:07:27,673 - INFO - train: 4057/4523 correct (89.70%)
2026-02-01 15:07:27,673 - INFO - validation: 2629/3014 correct (87.23%) | prev max 86.13% @ 1 epoch

2026-02-01 15:07:28,530 - INFO - Epoch[4/5], CE Loss: 0.2823
2026-02-01 15:07:28,691 - INFO - train: 4140/4523 correct (91.53%)
2026-02-01 15:07:28,691 - INFO - validation: 2638/3014 correct (87.52%) | prev max 87.23% @ 2 epoch

2026-02-01 15:07:29,543 - INFO - Epoch[5/5], CE Loss: 0.2262
2026-02-01 15:07:29,702 - INFO - train: 4200/4523 correct (92.86%)
2026-02-01 15:07:29,703 - INFO - validation: 2657/3014 correct (88.16%) | prev max 87.52% @ 3 epoch

2026-02-01 15:07:29,828 - INFO - 训练数据集大小: 4523
2026-02-01 15:07:29,829 - INFO - No validation data loaded.
2026-02-01 15:07:29,829 - INFO - No test data loaded.
2026-02-01 15:07:29,830 - INFO - ---Training rDLM #17---
2026-02-01 15:07:30,680 - INFO - Epoch[1/5], CE Loss: 0.3997
2026-02-01 15:07:30,841 - INFO - train: 3444/4523 correct (76.14%)
2026-02-01 15:07:30,841 - INFO - validation: 2603/3014 correct (86.36%) | prev max 0.00% @ 0 epoch

2026-02-01 15:07:31,694 - INFO - Epoch[2/5], CE Loss: 0.2713
2026-02-01 15:07:31,859 - INFO - train: 3916/4523 correct (86.58%)
2026-02-01 15:07:31,859 - INFO - validation: 2643/3014 correct (87.69%) | prev max 86.36% @ 0 epoch

2026-02-01 15:07:32,712 - INFO - Epoch[3/5], CE Loss: 0.3185
2026-02-01 15:07:32,872 - INFO - train: 4037/4523 correct (89.25%)
2026-02-01 15:07:32,873 - INFO - validation: 2666/3014 correct (88.45%) | prev max 87.69% @ 1 epoch

2026-02-01 15:07:33,726 - INFO - Epoch[4/5], CE Loss: 0.2853
2026-02-01 15:07:33,886 - INFO - train: 4174/4523 correct (92.28%)
2026-02-01 15:07:33,887 - INFO - validation: 2651/3014 correct (87.96%) | prev max 88.45% @ 2 epoch

2026-02-01 15:07:34,731 - INFO - Epoch[5/5], CE Loss: 0.1543
2026-02-01 15:07:34,890 - INFO - train: 4215/4523 correct (93.19%)
2026-02-01 15:07:34,890 - INFO - validation: 2664/3014 correct (88.39%) | prev max 88.45% @ 2 epoch

2026-02-01 15:07:35,016 - INFO - 训练数据集大小: 4523
2026-02-01 15:07:35,017 - INFO - No validation data loaded.
2026-02-01 15:07:35,017 - INFO - No test data loaded.
2026-02-01 15:07:35,018 - INFO - ---Training rDLM #18---
2026-02-01 15:07:35,870 - INFO - Epoch[1/5], CE Loss: 0.3321
2026-02-01 15:07:36,030 - INFO - train: 3349/4523 correct (74.04%)
2026-02-01 15:07:36,030 - INFO - validation: 2570/3014 correct (85.27%) | prev max 0.00% @ 0 epoch

2026-02-01 15:07:36,883 - INFO - Epoch[2/5], CE Loss: 0.2768
2026-02-01 15:07:37,044 - INFO - train: 3848/4523 correct (85.08%)
2026-02-01 15:07:37,045 - INFO - validation: 2620/3014 correct (86.93%) | prev max 85.27% @ 0 epoch

2026-02-01 15:07:37,901 - INFO - Epoch[3/5], CE Loss: 0.3011
2026-02-01 15:07:38,061 - INFO - train: 3972/4523 correct (87.82%)
2026-02-01 15:07:38,062 - INFO - validation: 2653/3014 correct (88.02%) | prev max 86.93% @ 1 epoch

2026-02-01 15:07:38,914 - INFO - Epoch[4/5], CE Loss: 0.2674
2026-02-01 15:07:39,075 - INFO - train: 4099/4523 correct (90.63%)
2026-02-01 15:07:39,075 - INFO - validation: 2667/3014 correct (88.49%) | prev max 88.02% @ 2 epoch

2026-02-01 15:07:39,930 - INFO - Epoch[5/5], CE Loss: 0.2119
2026-02-01 15:07:40,091 - INFO - train: 4162/4523 correct (92.02%)
2026-02-01 15:07:40,092 - INFO - validation: 2667/3014 correct (88.49%) | prev max 88.49% @ 3 epoch

2026-02-01 15:07:40,209 - INFO - 训练数据集大小: 4523
2026-02-01 15:07:40,209 - INFO - No validation data loaded.
2026-02-01 15:07:40,209 - INFO - No test data loaded.
2026-02-01 15:07:40,210 - INFO - ---Training rDLM #19---
2026-02-01 15:07:41,061 - INFO - Epoch[1/5], CE Loss: 0.3991
2026-02-01 15:07:41,221 - INFO - train: 3438/4523 correct (76.01%)
2026-02-01 15:07:41,221 - INFO - validation: 2601/3014 correct (86.30%) | prev max 0.00% @ 0 epoch

2026-02-01 15:07:42,073 - INFO - Epoch[2/5], CE Loss: 0.2558
2026-02-01 15:07:42,234 - INFO - train: 3962/4523 correct (87.60%)
2026-02-01 15:07:42,234 - INFO - validation: 2632/3014 correct (87.33%) | prev max 86.30% @ 0 epoch

2026-02-01 15:07:43,090 - INFO - Epoch[3/5], CE Loss: 0.2562
2026-02-01 15:07:43,249 - INFO - train: 4083/4523 correct (90.27%)
2026-02-01 15:07:43,250 - INFO - validation: 2641/3014 correct (87.62%) | prev max 87.33% @ 1 epoch

2026-02-01 15:07:44,108 - INFO - Epoch[4/5], CE Loss: 0.2650
2026-02-01 15:07:44,270 - INFO - train: 4169/4523 correct (92.17%)
2026-02-01 15:07:44,270 - INFO - validation: 2647/3014 correct (87.82%) | prev max 87.62% @ 2 epoch

2026-02-01 15:07:45,122 - INFO - Epoch[5/5], CE Loss: 0.2779
2026-02-01 15:07:45,282 - INFO - train: 4204/4523 correct (92.95%)
2026-02-01 15:07:45,282 - INFO - validation: 2661/3014 correct (88.29%) | prev max 87.82% @ 3 epoch

2026-02-01 15:07:45,291 - INFO - ---Testing APIN rDLM---
2026-02-01 15:07:45,291 - INFO - ---Testing APIN rDLM #0---
2026-02-01 15:07:45,496 - INFO - Prediction accuracy: 88.69%
2026-02-01 15:07:45,496 - INFO - ---Testing APIN rDLM #1---
2026-02-01 15:07:45,690 - INFO - Prediction accuracy: 88.62%
2026-02-01 15:07:45,691 - INFO - ---Testing APIN rDLM #2---
2026-02-01 15:07:45,883 - INFO - Prediction accuracy: 88.29%
2026-02-01 15:07:45,884 - INFO - ---Testing APIN rDLM #3---
2026-02-01 15:07:46,074 - INFO - Prediction accuracy: 88.82%
2026-02-01 15:07:46,074 - INFO - ---Testing APIN rDLM #4---
2026-02-01 15:07:46,267 - INFO - Prediction accuracy: 88.12%
2026-02-01 15:07:46,267 - INFO - ---Testing APIN rDLM #5---
2026-02-01 15:07:46,460 - INFO - Prediction accuracy: 88.62%
2026-02-01 15:07:46,460 - INFO - ---Testing APIN rDLM #6---
2026-02-01 15:07:46,651 - INFO - Prediction accuracy: 88.16%
2026-02-01 15:07:46,651 - INFO - ---Testing APIN rDLM #7---
2026-02-01 15:07:46,839 - INFO - Prediction accuracy: 87.76%
2026-02-01 15:07:46,840 - INFO - ---Testing APIN rDLM #8---
2026-02-01 15:07:47,031 - INFO - Prediction accuracy: 88.06%
2026-02-01 15:07:47,032 - INFO - ---Testing APIN rDLM #9---
2026-02-01 15:07:47,222 - INFO - Prediction accuracy: 87.86%
2026-02-01 15:07:47,223 - INFO - ---Testing APIN rDLM #10---
2026-02-01 15:07:47,414 - INFO - Prediction accuracy: 87.03%
2026-02-01 15:07:47,415 - INFO - ---Testing APIN rDLM #11---
2026-02-01 15:07:47,604 - INFO - Prediction accuracy: 88.55%
2026-02-01 15:07:47,605 - INFO - ---Testing APIN rDLM #12---
2026-02-01 15:07:47,798 - INFO - Prediction accuracy: 88.06%
2026-02-01 15:07:47,798 - INFO - ---Testing APIN rDLM #13---
2026-02-01 15:07:47,992 - INFO - Prediction accuracy: 88.25%
2026-02-01 15:07:47,993 - INFO - ---Testing APIN rDLM #14---
2026-02-01 15:07:48,188 - INFO - Prediction accuracy: 88.16%
2026-02-01 15:07:48,189 - INFO - ---Testing APIN rDLM #15---
2026-02-01 15:07:48,380 - INFO - Prediction accuracy: 87.49%
2026-02-01 15:07:48,381 - INFO - ---Testing APIN rDLM #16---
2026-02-01 15:07:48,573 - INFO - Prediction accuracy: 87.82%
2026-02-01 15:07:48,574 - INFO - ---Testing APIN rDLM #17---
2026-02-01 15:07:48,766 - INFO - Prediction accuracy: 87.99%
2026-02-01 15:07:48,767 - INFO - ---Testing APIN rDLM #18---
2026-02-01 15:07:48,960 - INFO - Prediction accuracy: 87.89%
2026-02-01 15:07:48,961 - INFO - ---Testing APIN rDLM #19---
2026-02-01 15:07:49,155 - INFO - Prediction accuracy: 88.69%
