2026-01-26 01:32:38,162 - INFO - 训练数据集大小: 1424
2026-01-26 01:32:38,163 - INFO - 验证数据集大小: 708
2026-01-26 01:32:38,164 - INFO - 测试数据集大小: 1424
2026-01-26 01:32:40,458 - INFO - org best acc (train): 100.00% | (val): 91.24% | (test): 90.66%

2026-01-26 01:32:40,820 - INFO - batch 0/72 done, last improvement 0 batches ago
2026-01-26 01:32:40,820 - INFO - New accuracy prior training in (train): 100.00% | (val) 91.24%
2026-01-26 01:32:40,821 - INFO - Process... Retraining model 50.00%
2026-01-26 01:32:41,822 - INFO - Process... Retraining model 100.00%
2026-01-26 01:32:42,888 - INFO - New accuracy (train) post training: 100.00% | (val) 91.81%

2026-01-26 01:32:43,231 - INFO - batch 1/72 done, last improvement 1 batches ago
2026-01-26 01:32:43,231 - INFO - New accuracy prior training in (train): 100.00% | (val) 91.81%
2026-01-26 01:32:43,232 - INFO - Found new best weights!
2026-01-26 01:32:43,310 - INFO - new best acc (val): 91.81% | (test): 90.59%
2026-01-26 01:32:43,311 - INFO - Process... Retraining model 50.00%
2026-01-26 01:32:44,047 - INFO - Process... Retraining model 100.00%
2026-01-26 01:32:45,134 - INFO - New accuracy (train) post training: 100.00% | (val) 90.68%

2026-01-26 01:32:45,542 - INFO - batch 2/72 done, last improvement 1 batches ago
2026-01-26 01:32:45,542 - INFO - New accuracy prior training in (train): 100.00% | (val) 90.68%
2026-01-26 01:32:45,543 - INFO - Process... Retraining model 50.00%
2026-01-26 01:32:46,298 - INFO - Process... Retraining model 100.00%
2026-01-26 01:32:47,350 - INFO - New accuracy (train) post training: 100.00% | (val) 90.96%

2026-01-26 01:32:47,724 - INFO - batch 3/72 done, last improvement 2 batches ago
2026-01-26 01:32:47,724 - INFO - New accuracy prior training in (train): 100.00% | (val) 90.96%
2026-01-26 01:32:47,725 - INFO - Process... Retraining model 50.00%
2026-01-26 01:32:48,449 - INFO - Process... Retraining model 100.00%
2026-01-26 01:32:49,521 - INFO - New accuracy (train) post training: 100.00% | (val) 91.95%

2026-01-26 01:32:49,864 - INFO - batch 4/72 done, last improvement 3 batches ago
2026-01-26 01:32:49,864 - INFO - New accuracy prior training in (train): 100.00% | (val) 91.95%
2026-01-26 01:32:49,865 - INFO - Found new best weights!
2026-01-26 01:32:49,942 - INFO - new best acc (val): 91.95% | (test): 90.66%
2026-01-26 01:32:49,943 - INFO - Process... Retraining model 50.00%
2026-01-26 01:32:50,723 - INFO - Process... Retraining model 100.00%
2026-01-26 01:32:51,779 - INFO - New accuracy (train) post training: 100.00% | (val) 91.24%

2026-01-26 01:32:52,146 - INFO - batch 5/72 done, last improvement 1 batches ago
2026-01-26 01:32:52,147 - INFO - New accuracy prior training in (train): 100.00% | (val) 91.24%
2026-01-26 01:32:52,148 - INFO - Process... Retraining model 50.00%
2026-01-26 01:32:52,909 - INFO - Process... Retraining model 100.00%
2026-01-26 01:32:53,973 - INFO - New accuracy (train) post training: 100.00% | (val) 90.82%

2026-01-26 01:32:54,336 - INFO - batch 6/72 done, last improvement 2 batches ago
2026-01-26 01:32:54,336 - INFO - New accuracy prior training in (train): 100.00% | (val) 90.82%
2026-01-26 01:32:54,337 - INFO - Process... Retraining model 50.00%
2026-01-26 01:32:55,104 - INFO - Process... Retraining model 100.00%
2026-01-26 01:32:56,159 - INFO - New accuracy (train) post training: 100.00% | (val) 90.96%

2026-01-26 01:32:56,532 - INFO - batch 7/72 done, last improvement 3 batches ago
2026-01-26 01:32:56,532 - INFO - New accuracy prior training in (train): 100.00% | (val) 90.96%
2026-01-26 01:32:56,533 - INFO - Process... Retraining model 50.00%
2026-01-26 01:32:57,298 - INFO - Process... Retraining model 100.00%
2026-01-26 01:32:58,378 - INFO - New accuracy (train) post training: 100.00% | (val) 91.67%

2026-01-26 01:32:58,749 - INFO - batch 8/72 done, last improvement 4 batches ago
2026-01-26 01:32:58,750 - INFO - New accuracy prior training in (train): 100.00% | (val) 91.67%
2026-01-26 01:32:58,750 - INFO - Process... Retraining model 50.00%
2026-01-26 01:32:59,492 - INFO - Process... Retraining model 100.00%
2026-01-26 01:33:00,593 - INFO - New accuracy (train) post training: 100.00% | (val) 91.81%

2026-01-26 01:33:00,965 - INFO - batch 9/72 done, last improvement 5 batches ago
2026-01-26 01:33:00,966 - INFO - New accuracy prior training in (train): 100.00% | (val) 91.81%
2026-01-26 01:33:00,967 - INFO - Process... Retraining model 50.00%
2026-01-26 01:33:01,752 - INFO - Process... Retraining model 100.00%
2026-01-26 01:33:02,828 - INFO - New accuracy (train) post training: 100.00% | (val) 91.53%

2026-01-26 01:33:03,218 - INFO - batch 10/72 done, last improvement 6 batches ago
2026-01-26 01:33:03,218 - INFO - New accuracy prior training in (train): 100.00% | (val) 91.53%
2026-01-26 01:33:03,219 - INFO - Process... Retraining model 50.00%
2026-01-26 01:33:03,964 - INFO - Process... Retraining model 100.00%
2026-01-26 01:33:05,007 - INFO - New accuracy (train) post training: 100.00% | (val) 90.96%

2026-01-26 01:33:05,373 - INFO - batch 11/72 done, last improvement 7 batches ago
2026-01-26 01:33:05,373 - INFO - New accuracy prior training in (train): 100.00% | (val) 90.96%
2026-01-26 01:33:05,374 - INFO - Process... Retraining model 50.00%
2026-01-26 01:33:06,178 - INFO - Process... Retraining model 100.00%
2026-01-26 01:33:07,264 - INFO - New accuracy (train) post training: 100.00% | (val) 91.53%

2026-01-26 01:33:07,630 - INFO - batch 12/72 done, last improvement 8 batches ago
2026-01-26 01:33:07,630 - INFO - New accuracy prior training in (train): 100.00% | (val) 91.53%
2026-01-26 01:33:07,631 - INFO - Process... Retraining model 50.00%
2026-01-26 01:33:08,360 - INFO - Process... Retraining model 100.00%
2026-01-26 01:33:09,410 - INFO - New accuracy (train) post training: 100.00% | (val) 92.23%

2026-01-26 01:33:09,811 - INFO - batch 13/72 done, last improvement 9 batches ago
2026-01-26 01:33:09,811 - INFO - New accuracy prior training in (train): 100.00% | (val) 92.23%
2026-01-26 01:33:09,812 - INFO - Found new best weights!
2026-01-26 01:33:09,888 - INFO - new best acc (val): 92.23% | (test): 90.38%
2026-01-26 01:33:09,889 - INFO - Process... Retraining model 50.00%
2026-01-26 01:33:10,633 - INFO - Process... Retraining model 100.00%
2026-01-26 01:33:11,680 - INFO - New accuracy (train) post training: 100.00% | (val) 91.10%

2026-01-26 01:33:12,031 - INFO - batch 14/72 done, last improvement 1 batches ago
2026-01-26 01:33:12,031 - INFO - New accuracy prior training in (train): 100.00% | (val) 91.10%
2026-01-26 01:33:12,032 - INFO - Process... Retraining model 50.00%
2026-01-26 01:33:12,805 - INFO - Process... Retraining model 100.00%
2026-01-26 01:33:13,919 - INFO - New accuracy (train) post training: 100.00% | (val) 91.10%

2026-01-26 01:33:14,348 - INFO - batch 15/72 done, last improvement 2 batches ago
2026-01-26 01:33:14,348 - INFO - New accuracy prior training in (train): 100.00% | (val) 91.10%
2026-01-26 01:33:14,349 - INFO - Process... Retraining model 50.00%
2026-01-26 01:33:15,098 - INFO - Process... Retraining model 100.00%
2026-01-26 01:33:16,145 - INFO - New accuracy (train) post training: 100.00% | (val) 91.95%

2026-01-26 01:33:16,515 - INFO - batch 16/72 done, last improvement 3 batches ago
2026-01-26 01:33:16,516 - INFO - New accuracy prior training in (train): 100.00% | (val) 91.95%
2026-01-26 01:33:16,517 - INFO - Process... Retraining model 50.00%
2026-01-26 01:33:17,277 - INFO - Process... Retraining model 100.00%
2026-01-26 01:33:18,370 - INFO - New accuracy (train) post training: 100.00% | (val) 91.67%

2026-01-26 01:33:18,752 - INFO - batch 17/72 done, last improvement 4 batches ago
2026-01-26 01:33:18,752 - INFO - New accuracy prior training in (train): 100.00% | (val) 91.67%
2026-01-26 01:33:18,753 - INFO - Process... Retraining model 50.00%
2026-01-26 01:33:19,490 - INFO - Process... Retraining model 100.00%
2026-01-26 01:33:20,622 - INFO - New accuracy (train) post training: 100.00% | (val) 91.53%

2026-01-26 01:33:21,009 - INFO - batch 18/72 done, last improvement 5 batches ago
2026-01-26 01:33:21,009 - INFO - New accuracy prior training in (train): 100.00% | (val) 91.53%
2026-01-26 01:33:21,009 - INFO - Process... Retraining model 50.00%
2026-01-26 01:33:21,817 - INFO - Process... Retraining model 100.00%
2026-01-26 01:33:22,872 - INFO - New accuracy (train) post training: 100.00% | (val) 91.81%

2026-01-26 01:33:23,254 - INFO - batch 19/72 done, last improvement 6 batches ago
2026-01-26 01:33:23,254 - INFO - New accuracy prior training in (train): 100.00% | (val) 91.81%
2026-01-26 01:33:23,255 - INFO - Process... Retraining model 50.00%
2026-01-26 01:33:24,008 - INFO - Process... Retraining model 100.00%
2026-01-26 01:33:25,015 - INFO - New accuracy (train) post training: 100.00% | (val) 91.81%

2026-01-26 01:33:25,407 - INFO - batch 20/72 done, last improvement 7 batches ago
2026-01-26 01:33:25,408 - INFO - New accuracy prior training in (train): 100.00% | (val) 91.81%
2026-01-26 01:33:25,408 - INFO - Process... Retraining model 50.00%
2026-01-26 01:33:26,188 - INFO - Process... Retraining model 100.00%
2026-01-26 01:33:27,258 - INFO - New accuracy (train) post training: 100.00% | (val) 91.53%

2026-01-26 01:33:27,611 - INFO - batch 21/72 done, last improvement 8 batches ago
2026-01-26 01:33:27,611 - INFO - New accuracy prior training in (train): 100.00% | (val) 91.53%
2026-01-26 01:33:27,612 - INFO - Process... Retraining model 50.00%
2026-01-26 01:33:28,408 - INFO - Process... Retraining model 100.00%
2026-01-26 01:33:29,532 - INFO - New accuracy (train) post training: 100.00% | (val) 91.38%

2026-01-26 01:33:29,924 - INFO - batch 22/72 done, last improvement 9 batches ago
2026-01-26 01:33:29,924 - INFO - New accuracy prior training in (train): 100.00% | (val) 91.38%
2026-01-26 01:33:29,926 - INFO - Process... Retraining model 50.00%
2026-01-26 01:33:30,708 - INFO - Process... Retraining model 100.00%
2026-01-26 01:33:31,787 - INFO - New accuracy (train) post training: 100.00% | (val) 91.95%

2026-01-26 01:33:32,187 - INFO - batch 23/72 done, last improvement 10 batches ago
2026-01-26 01:33:32,187 - INFO - New accuracy prior training in (train): 100.00% | (val) 91.95%
2026-01-26 01:33:32,187 - INFO - Process... Retraining model 50.00%
2026-01-26 01:33:32,961 - INFO - Process... Retraining model 100.00%
2026-01-26 01:33:34,038 - INFO - New accuracy (train) post training: 100.00% | (val) 90.68%

2026-01-26 01:33:34,439 - INFO - batch 24/72 done, last improvement 11 batches ago
2026-01-26 01:33:34,439 - INFO - New accuracy prior training in (train): 100.00% | (val) 90.68%
2026-01-26 01:33:34,440 - INFO - Process... Retraining model 50.00%
2026-01-26 01:33:35,209 - INFO - Process... Retraining model 100.00%
2026-01-26 01:33:36,425 - INFO - New accuracy (train) post training: 100.00% | (val) 91.38%

2026-01-26 01:33:36,812 - INFO - batch 25/72 done, last improvement 12 batches ago
2026-01-26 01:33:36,812 - INFO - New accuracy prior training in (train): 100.00% | (val) 91.38%
2026-01-26 01:33:36,813 - INFO - Process... Retraining model 50.00%
2026-01-26 01:33:37,589 - INFO - Process... Retraining model 100.00%
2026-01-26 01:33:38,661 - INFO - New accuracy (train) post training: 100.00% | (val) 92.37%

2026-01-26 01:33:39,059 - INFO - batch 26/72 done, last improvement 13 batches ago
2026-01-26 01:33:39,060 - INFO - New accuracy prior training in (train): 100.00% | (val) 92.37%
2026-01-26 01:33:39,061 - INFO - Found new best weights!
2026-01-26 01:33:39,138 - INFO - new best acc (val): 92.37% | (test): 90.38%
2026-01-26 01:33:39,139 - INFO - Process... Retraining model 50.00%
2026-01-26 01:33:39,919 - INFO - Process... Retraining model 100.00%
2026-01-26 01:33:41,002 - INFO - New accuracy (train) post training: 100.00% | (val) 92.51%

2026-01-26 01:33:41,344 - INFO - batch 27/72 done, last improvement 1 batches ago
2026-01-26 01:33:41,344 - INFO - New accuracy prior training in (train): 100.00% | (val) 92.51%
2026-01-26 01:33:41,345 - INFO - Found new best weights!
2026-01-26 01:33:41,423 - INFO - new best acc (val): 92.51% | (test): 90.52%
2026-01-26 01:33:41,424 - INFO - Process... Retraining model 50.00%
2026-01-26 01:33:42,190 - INFO - Process... Retraining model 100.00%
2026-01-26 01:33:43,270 - INFO - New accuracy (train) post training: 100.00% | (val) 91.95%

2026-01-26 01:33:43,676 - INFO - batch 28/72 done, last improvement 1 batches ago
2026-01-26 01:33:43,676 - INFO - New accuracy prior training in (train): 100.00% | (val) 91.95%
2026-01-26 01:33:43,676 - INFO - Process... Retraining model 50.00%
2026-01-26 01:33:44,462 - INFO - Process... Retraining model 100.00%
2026-01-26 01:33:45,542 - INFO - New accuracy (train) post training: 100.00% | (val) 91.53%

2026-01-26 01:33:45,881 - INFO - batch 29/72 done, last improvement 2 batches ago
2026-01-26 01:33:45,881 - INFO - New accuracy prior training in (train): 100.00% | (val) 91.53%
2026-01-26 01:33:45,882 - INFO - Process... Retraining model 50.00%
2026-01-26 01:33:46,699 - INFO - Process... Retraining model 100.00%
2026-01-26 01:33:47,783 - INFO - New accuracy (train) post training: 100.00% | (val) 91.95%

2026-01-26 01:33:48,176 - INFO - batch 30/72 done, last improvement 3 batches ago
2026-01-26 01:33:48,177 - INFO - New accuracy prior training in (train): 100.00% | (val) 91.95%
2026-01-26 01:33:48,177 - INFO - Process... Retraining model 50.00%
2026-01-26 01:33:49,009 - INFO - Process... Retraining model 100.00%
2026-01-26 01:33:50,108 - INFO - New accuracy (train) post training: 100.00% | (val) 91.24%

2026-01-26 01:33:50,500 - INFO - batch 31/72 done, last improvement 4 batches ago
2026-01-26 01:33:50,500 - INFO - New accuracy prior training in (train): 100.00% | (val) 91.24%
2026-01-26 01:33:50,501 - INFO - Process... Retraining model 50.00%
2026-01-26 01:33:51,291 - INFO - Process... Retraining model 100.00%
2026-01-26 01:33:52,402 - INFO - New accuracy (train) post training: 100.00% | (val) 92.09%

2026-01-26 01:33:52,780 - INFO - batch 32/72 done, last improvement 5 batches ago
2026-01-26 01:33:52,781 - INFO - New accuracy prior training in (train): 100.00% | (val) 92.09%
2026-01-26 01:33:52,781 - INFO - Process... Retraining model 50.00%
2026-01-26 01:33:53,561 - INFO - Process... Retraining model 100.00%
2026-01-26 01:33:54,649 - INFO - New accuracy (train) post training: 100.00% | (val) 92.37%

2026-01-26 01:33:55,027 - INFO - batch 33/72 done, last improvement 6 batches ago
2026-01-26 01:33:55,027 - INFO - New accuracy prior training in (train): 100.00% | (val) 92.37%
2026-01-26 01:33:55,028 - INFO - Process... Retraining model 50.00%
2026-01-26 01:33:55,791 - INFO - Process... Retraining model 100.00%
2026-01-26 01:33:56,849 - INFO - New accuracy (train) post training: 100.00% | (val) 91.67%

2026-01-26 01:33:57,189 - INFO - batch 34/72 done, last improvement 7 batches ago
2026-01-26 01:33:57,189 - INFO - New accuracy prior training in (train): 100.00% | (val) 91.67%
2026-01-26 01:33:57,190 - INFO - Process... Retraining model 50.00%
2026-01-26 01:33:57,939 - INFO - Process... Retraining model 100.00%
2026-01-26 01:33:58,978 - INFO - New accuracy (train) post training: 100.00% | (val) 91.10%

2026-01-26 01:33:59,335 - INFO - batch 35/72 done, last improvement 8 batches ago
2026-01-26 01:33:59,335 - INFO - New accuracy prior training in (train): 100.00% | (val) 91.10%
2026-01-26 01:33:59,336 - INFO - Process... Retraining model 50.00%
2026-01-26 01:34:00,144 - INFO - Process... Retraining model 100.00%
2026-01-26 01:34:01,234 - INFO - New accuracy (train) post training: 100.00% | (val) 91.95%

2026-01-26 01:34:01,615 - INFO - batch 36/72 done, last improvement 9 batches ago
2026-01-26 01:34:01,615 - INFO - New accuracy prior training in (train): 100.00% | (val) 91.95%
2026-01-26 01:34:01,616 - INFO - Process... Retraining model 50.00%
2026-01-26 01:34:02,392 - INFO - Process... Retraining model 100.00%
2026-01-26 01:34:03,479 - INFO - New accuracy (train) post training: 100.00% | (val) 91.95%

2026-01-26 01:34:03,818 - INFO - batch 37/72 done, last improvement 10 batches ago
2026-01-26 01:34:03,818 - INFO - New accuracy prior training in (train): 100.00% | (val) 91.95%
2026-01-26 01:34:03,819 - INFO - Process... Retraining model 50.00%
2026-01-26 01:34:04,569 - INFO - Process... Retraining model 100.00%
2026-01-26 01:34:05,655 - INFO - New accuracy (train) post training: 100.00% | (val) 91.95%

2026-01-26 01:34:06,042 - INFO - batch 38/72 done, last improvement 11 batches ago
2026-01-26 01:34:06,043 - INFO - New accuracy prior training in (train): 100.00% | (val) 91.95%
2026-01-26 01:34:06,044 - INFO - Process... Retraining model 50.00%
2026-01-26 01:34:06,804 - INFO - Process... Retraining model 100.00%
2026-01-26 01:34:07,887 - INFO - New accuracy (train) post training: 100.00% | (val) 91.38%

2026-01-26 01:34:08,232 - INFO - batch 39/72 done, last improvement 12 batches ago
2026-01-26 01:34:08,233 - INFO - New accuracy prior training in (train): 100.00% | (val) 91.38%
2026-01-26 01:34:08,233 - INFO - Process... Retraining model 50.00%
2026-01-26 01:34:08,986 - INFO - Process... Retraining model 100.00%
2026-01-26 01:34:10,074 - INFO - New accuracy (train) post training: 100.00% | (val) 91.95%

2026-01-26 01:34:10,472 - INFO - batch 40/72 done, last improvement 13 batches ago
2026-01-26 01:34:10,472 - INFO - New accuracy prior training in (train): 100.00% | (val) 91.95%
2026-01-26 01:34:10,473 - INFO - Process... Retraining model 50.00%
2026-01-26 01:34:11,242 - INFO - Process... Retraining model 100.00%
2026-01-26 01:34:12,341 - INFO - New accuracy (train) post training: 100.00% | (val) 91.81%

2026-01-26 01:34:12,732 - INFO - batch 41/72 done, last improvement 14 batches ago
2026-01-26 01:34:12,732 - INFO - New accuracy prior training in (train): 100.00% | (val) 91.81%
2026-01-26 01:34:12,733 - INFO - Process... Retraining model 50.00%
2026-01-26 01:34:13,504 - INFO - Process... Retraining model 100.00%
2026-01-26 01:34:14,586 - INFO - New accuracy (train) post training: 100.00% | (val) 91.10%

2026-01-26 01:34:14,950 - INFO - batch 42/72 done, last improvement 15 batches ago
2026-01-26 01:34:14,950 - INFO - New accuracy prior training in (train): 100.00% | (val) 91.10%
2026-01-26 01:34:14,950 - INFO - Process... Retraining model 50.00%
2026-01-26 01:34:15,693 - INFO - Process... Retraining model 100.00%
2026-01-26 01:34:16,802 - INFO - New accuracy (train) post training: 100.00% | (val) 91.53%

2026-01-26 01:34:17,167 - INFO - batch 43/72 done, last improvement 16 batches ago
2026-01-26 01:34:17,168 - INFO - New accuracy prior training in (train): 100.00% | (val) 91.53%
2026-01-26 01:34:17,168 - INFO - Process... Retraining model 50.00%
2026-01-26 01:34:17,903 - INFO - Process... Retraining model 100.00%
2026-01-26 01:34:18,991 - INFO - New accuracy (train) post training: 100.00% | (val) 91.24%

2026-01-26 01:34:19,362 - INFO - batch 44/72 done, last improvement 17 batches ago
2026-01-26 01:34:19,363 - INFO - New accuracy prior training in (train): 100.00% | (val) 91.24%
2026-01-26 01:34:19,363 - INFO - Process... Retraining model 50.00%
2026-01-26 01:34:20,127 - INFO - Process... Retraining model 100.00%
2026-01-26 01:34:21,203 - INFO - New accuracy (train) post training: 100.00% | (val) 91.67%

2026-01-26 01:34:21,589 - INFO - batch 45/72 done, last improvement 18 batches ago
2026-01-26 01:34:21,590 - INFO - New accuracy prior training in (train): 100.00% | (val) 91.67%
2026-01-26 01:34:21,590 - INFO - Process... Retraining model 50.00%
2026-01-26 01:34:22,352 - INFO - Process... Retraining model 100.00%
2026-01-26 01:34:23,422 - INFO - New accuracy (train) post training: 100.00% | (val) 91.53%

2026-01-26 01:34:23,767 - INFO - batch 46/72 done, last improvement 19 batches ago
2026-01-26 01:34:23,767 - INFO - New accuracy prior training in (train): 100.00% | (val) 91.53%
2026-01-26 01:34:23,768 - INFO - Process... Retraining model 50.00%
2026-01-26 01:34:24,602 - INFO - Process... Retraining model 100.00%
2026-01-26 01:34:25,654 - INFO - New accuracy (train) post training: 100.00% | (val) 91.53%

2026-01-26 01:34:26,033 - INFO - batch 47/72 done, last improvement 20 batches ago
2026-01-26 01:34:26,033 - INFO - New accuracy prior training in (train): 100.00% | (val) 91.53%
2026-01-26 01:34:26,033 - INFO - Process... Retraining model 50.00%
2026-01-26 01:34:26,816 - INFO - Process... Retraining model 100.00%
2026-01-26 01:34:27,876 - INFO - New accuracy (train) post training: 100.00% | (val) 91.53%

2026-01-26 01:34:28,242 - INFO - batch 48/72 done, last improvement 21 batches ago
2026-01-26 01:34:28,243 - INFO - New accuracy prior training in (train): 100.00% | (val) 91.53%
2026-01-26 01:34:28,243 - INFO - Process... Retraining model 50.00%
2026-01-26 01:34:28,997 - INFO - Process... Retraining model 100.00%
2026-01-26 01:34:30,064 - INFO - New accuracy (train) post training: 100.00% | (val) 90.82%

2026-01-26 01:34:30,445 - INFO - batch 49/72 done, last improvement 22 batches ago
2026-01-26 01:34:30,446 - INFO - New accuracy prior training in (train): 100.00% | (val) 90.82%
2026-01-26 01:34:30,447 - INFO - Process... Retraining model 50.00%
2026-01-26 01:34:31,195 - INFO - Process... Retraining model 100.00%
2026-01-26 01:34:32,235 - INFO - New accuracy (train) post training: 100.00% | (val) 91.24%

2026-01-26 01:34:32,620 - INFO - batch 50/72 done, last improvement 23 batches ago
2026-01-26 01:34:32,620 - INFO - New accuracy prior training in (train): 100.00% | (val) 91.24%
2026-01-26 01:34:32,621 - INFO - Process... Retraining model 50.00%
2026-01-26 01:34:33,386 - INFO - Process... Retraining model 100.00%
2026-01-26 01:34:34,437 - INFO - New accuracy (train) post training: 100.00% | (val) 90.96%

2026-01-26 01:34:34,818 - INFO - batch 51/72 done, last improvement 24 batches ago
2026-01-26 01:34:34,819 - INFO - New accuracy prior training in (train): 100.00% | (val) 90.96%
2026-01-26 01:34:34,819 - INFO - Process... Retraining model 50.00%
2026-01-26 01:34:35,569 - INFO - Process... Retraining model 100.00%
2026-01-26 01:34:36,631 - INFO - New accuracy (train) post training: 100.00% | (val) 91.10%

2026-01-26 01:34:37,008 - INFO - batch 52/72 done, last improvement 25 batches ago
2026-01-26 01:34:37,008 - INFO - New accuracy prior training in (train): 100.00% | (val) 91.10%
2026-01-26 01:34:37,009 - INFO - Process... Retraining model 50.00%
2026-01-26 01:34:37,767 - INFO - Process... Retraining model 100.00%
2026-01-26 01:34:38,822 - INFO - New accuracy (train) post training: 100.00% | (val) 91.53%

2026-01-26 01:34:39,199 - INFO - batch 53/72 done, last improvement 26 batches ago
2026-01-26 01:34:39,200 - INFO - New accuracy prior training in (train): 100.00% | (val) 91.53%
2026-01-26 01:34:39,201 - INFO - Process... Retraining model 50.00%
2026-01-26 01:34:39,972 - INFO - Process... Retraining model 100.00%
2026-01-26 01:34:41,039 - INFO - New accuracy (train) post training: 100.00% | (val) 91.53%

2026-01-26 01:34:41,419 - INFO - batch 54/72 done, last improvement 27 batches ago
2026-01-26 01:34:41,419 - INFO - New accuracy prior training in (train): 100.00% | (val) 91.53%
2026-01-26 01:34:41,420 - INFO - Process... Retraining model 50.00%
2026-01-26 01:34:42,183 - INFO - Process... Retraining model 100.00%
2026-01-26 01:34:43,221 - INFO - New accuracy (train) post training: 100.00% | (val) 91.67%

2026-01-26 01:34:43,569 - INFO - batch 55/72 done, last improvement 28 batches ago
2026-01-26 01:34:43,569 - INFO - New accuracy prior training in (train): 100.00% | (val) 91.67%
2026-01-26 01:34:43,569 - INFO - Process... Retraining model 50.00%
2026-01-26 01:34:44,315 - INFO - Process... Retraining model 100.00%
2026-01-26 01:34:45,339 - INFO - New accuracy (train) post training: 100.00% | (val) 91.53%

2026-01-26 01:34:45,682 - INFO - batch 56/72 done, last improvement 29 batches ago
2026-01-26 01:34:45,683 - INFO - New accuracy prior training in (train): 100.00% | (val) 91.53%
2026-01-26 01:34:45,683 - INFO - Process... Retraining model 50.00%
2026-01-26 01:34:46,434 - INFO - Process... Retraining model 100.00%
2026-01-26 01:34:47,440 - INFO - New accuracy (train) post training: 100.00% | (val) 91.67%

2026-01-26 01:34:47,789 - INFO - batch 57/72 done, last improvement 30 batches ago
2026-01-26 01:34:47,789 - INFO - New accuracy prior training in (train): 100.00% | (val) 91.67%
2026-01-26 01:34:47,790 - INFO - Process... Retraining model 50.00%
2026-01-26 01:34:48,530 - INFO - Process... Retraining model 100.00%
2026-01-26 01:34:49,583 - INFO - New accuracy (train) post training: 100.00% | (val) 91.53%

2026-01-26 01:34:49,944 - INFO - batch 58/72 done, last improvement 31 batches ago
2026-01-26 01:34:49,944 - INFO - New accuracy prior training in (train): 100.00% | (val) 91.53%
2026-01-26 01:34:49,944 - INFO - Process... Retraining model 50.00%
2026-01-26 01:34:50,711 - INFO - Process... Retraining model 100.00%
2026-01-26 01:34:51,748 - INFO - New accuracy (train) post training: 100.00% | (val) 91.67%

2026-01-26 01:34:52,100 - INFO - batch 59/72 done, last improvement 32 batches ago
2026-01-26 01:34:52,100 - INFO - New accuracy prior training in (train): 100.00% | (val) 91.67%
2026-01-26 01:34:52,101 - INFO - Process... Retraining model 50.00%
2026-01-26 01:34:52,835 - INFO - Process... Retraining model 100.00%
2026-01-26 01:34:53,883 - INFO - New accuracy (train) post training: 100.00% | (val) 91.53%

2026-01-26 01:34:54,267 - INFO - batch 60/72 done, last improvement 33 batches ago
2026-01-26 01:34:54,267 - INFO - New accuracy prior training in (train): 100.00% | (val) 91.53%
2026-01-26 01:34:54,268 - INFO - Process... Retraining model 50.00%
2026-01-26 01:34:55,017 - INFO - Process... Retraining model 100.00%
2026-01-26 01:34:56,083 - INFO - New accuracy (train) post training: 100.00% | (val) 91.53%

2026-01-26 01:34:56,453 - INFO - batch 61/72 done, last improvement 34 batches ago
2026-01-26 01:34:56,454 - INFO - New accuracy prior training in (train): 100.00% | (val) 91.53%
2026-01-26 01:34:56,454 - INFO - Process... Retraining model 50.00%
2026-01-26 01:34:57,213 - INFO - Process... Retraining model 100.00%
2026-01-26 01:34:58,264 - INFO - New accuracy (train) post training: 100.00% | (val) 91.53%

2026-01-26 01:34:58,640 - INFO - batch 62/72 done, last improvement 35 batches ago
2026-01-26 01:34:58,641 - INFO - New accuracy prior training in (train): 100.00% | (val) 91.53%
2026-01-26 01:34:58,641 - INFO - Process... Retraining model 50.00%
2026-01-26 01:34:59,406 - INFO - Process... Retraining model 100.00%
2026-01-26 01:35:00,453 - INFO - New accuracy (train) post training: 100.00% | (val) 91.53%

2026-01-26 01:35:00,797 - INFO - batch 63/72 done, last improvement 36 batches ago
2026-01-26 01:35:00,797 - INFO - New accuracy prior training in (train): 100.00% | (val) 91.53%
2026-01-26 01:35:00,798 - INFO - Process... Retraining model 50.00%
2026-01-26 01:35:01,547 - INFO - Process... Retraining model 100.00%
2026-01-26 01:35:02,575 - INFO - New accuracy (train) post training: 100.00% | (val) 91.38%

2026-01-26 01:35:02,951 - INFO - batch 64/72 done, last improvement 37 batches ago
2026-01-26 01:35:02,952 - INFO - New accuracy prior training in (train): 100.00% | (val) 91.38%
2026-01-26 01:35:02,952 - INFO - Process... Retraining model 50.00%
2026-01-26 01:35:03,693 - INFO - Process... Retraining model 100.00%
2026-01-26 01:35:04,730 - INFO - New accuracy (train) post training: 100.00% | (val) 91.10%

2026-01-26 01:35:05,102 - INFO - batch 65/72 done, last improvement 38 batches ago
2026-01-26 01:35:05,102 - INFO - New accuracy prior training in (train): 100.00% | (val) 91.10%
2026-01-26 01:35:05,103 - INFO - Process... Retraining model 50.00%
2026-01-26 01:35:05,854 - INFO - Process... Retraining model 100.00%
2026-01-26 01:35:06,912 - INFO - New accuracy (train) post training: 100.00% | (val) 91.24%

2026-01-26 01:35:07,302 - INFO - batch 66/72 done, last improvement 39 batches ago
2026-01-26 01:35:07,303 - INFO - New accuracy prior training in (train): 100.00% | (val) 91.24%
2026-01-26 01:35:07,303 - INFO - Process... Retraining model 50.00%
2026-01-26 01:35:08,059 - INFO - Process... Retraining model 100.00%
2026-01-26 01:35:09,124 - INFO - New accuracy (train) post training: 100.00% | (val) 91.38%

2026-01-26 01:35:09,508 - INFO - batch 67/72 done, last improvement 40 batches ago
2026-01-26 01:35:09,508 - INFO - New accuracy prior training in (train): 100.00% | (val) 91.38%
2026-01-26 01:35:09,509 - INFO - Process... Retraining model 50.00%
2026-01-26 01:35:10,268 - INFO - Process... Retraining model 100.00%
2026-01-26 01:35:11,313 - INFO - New accuracy (train) post training: 100.00% | (val) 91.24%

2026-01-26 01:35:11,698 - INFO - batch 68/72 done, last improvement 41 batches ago
2026-01-26 01:35:11,699 - INFO - New accuracy prior training in (train): 100.00% | (val) 91.24%
2026-01-26 01:35:11,699 - INFO - Process... Retraining model 50.00%
2026-01-26 01:35:12,460 - INFO - Process... Retraining model 100.00%
2026-01-26 01:35:13,495 - INFO - New accuracy (train) post training: 100.00% | (val) 90.82%

2026-01-26 01:35:13,848 - INFO - batch 69/72 done, last improvement 42 batches ago
2026-01-26 01:35:13,848 - INFO - New accuracy prior training in (train): 100.00% | (val) 90.82%
2026-01-26 01:35:13,849 - INFO - Process... Retraining model 50.00%
2026-01-26 01:35:14,594 - INFO - Process... Retraining model 100.00%
2026-01-26 01:35:15,643 - INFO - New accuracy (train) post training: 100.00% | (val) 91.38%

2026-01-26 01:35:16,029 - INFO - batch 70/72 done, last improvement 43 batches ago
2026-01-26 01:35:16,029 - INFO - New accuracy prior training in (train): 100.00% | (val) 91.38%
2026-01-26 01:35:16,030 - INFO - Process... Retraining model 50.00%
2026-01-26 01:35:16,778 - INFO - Process... Retraining model 100.00%
2026-01-26 01:35:17,835 - INFO - New accuracy (train) post training: 100.00% | (val) 90.96%

2026-01-26 01:35:18,177 - INFO - batch 71/72 done, last improvement 44 batches ago
2026-01-26 01:35:18,177 - INFO - New accuracy prior training in (train): 100.00% | (val) 90.96%
2026-01-26 01:35:18,178 - INFO - Process... Retraining model 50.00%
2026-01-26 01:35:18,913 - INFO - Process... Retraining model 100.00%
2026-01-26 01:35:19,948 - INFO - New accuracy (train) post training: 100.00% | (val) 90.82%

2026-01-26 01:35:19,949 - INFO - Total execution time: 159.49078154563904
2026-01-26 01:35:19,990 - INFO - new best acc (val): 90.82%

2026-01-26 01:35:19,990 - INFO - test accuracy as follows:
2026-01-26 01:35:20,112 - INFO - Prediction accuracy: 91.08%

2026-01-31 23:08:45,027 - INFO - batch 0/72 all correct, no need adjustment
2026-01-31 23:08:45,090 - INFO - batch 1/72 all correct, no need adjustment
2026-01-31 23:08:45,153 - INFO - batch 2/72 all correct, no need adjustment
2026-01-31 23:08:45,217 - INFO - batch 3/72 all correct, no need adjustment
2026-01-31 23:08:45,279 - INFO - batch 4/72 all correct, no need adjustment
2026-01-31 23:08:45,343 - INFO - batch 5/72 all correct, no need adjustment
2026-01-31 23:08:45,405 - INFO - batch 6/72 all correct, no need adjustment
2026-01-31 23:08:45,466 - INFO - batch 7/72 all correct, no need adjustment
2026-01-31 23:08:45,528 - INFO - batch 8/72 all correct, no need adjustment
2026-01-31 23:08:45,589 - INFO - batch 9/72 all correct, no need adjustment
2026-01-31 23:08:45,652 - INFO - batch 10/72 all correct, no need adjustment
2026-01-31 23:08:45,712 - INFO - batch 11/72 all correct, no need adjustment
2026-01-31 23:08:45,774 - INFO - batch 12/72 all correct, no need adjustment
2026-01-31 23:08:45,836 - INFO - batch 13/72 all correct, no need adjustment
2026-01-31 23:08:45,897 - INFO - batch 14/72 all correct, no need adjustment
2026-01-31 23:08:45,960 - INFO - batch 15/72 all correct, no need adjustment
2026-01-31 23:08:46,021 - INFO - batch 16/72 all correct, no need adjustment
2026-01-31 23:08:46,084 - INFO - batch 17/72 all correct, no need adjustment
2026-01-31 23:08:46,145 - INFO - batch 18/72 all correct, no need adjustment
2026-01-31 23:08:46,206 - INFO - batch 19/72 all correct, no need adjustment
2026-01-31 23:08:46,268 - INFO - batch 20/72 all correct, no need adjustment
2026-01-31 23:08:46,330 - INFO - batch 21/72 all correct, no need adjustment
2026-01-31 23:08:46,392 - INFO - batch 22/72 all correct, no need adjustment
2026-01-31 23:08:46,453 - INFO - batch 23/72 all correct, no need adjustment
2026-01-31 23:08:46,514 - INFO - batch 24/72 all correct, no need adjustment
2026-01-31 23:08:46,575 - INFO - batch 25/72 all correct, no need adjustment
2026-01-31 23:08:46,637 - INFO - batch 26/72 all correct, no need adjustment
2026-01-31 23:08:46,697 - INFO - batch 27/72 all correct, no need adjustment
2026-01-31 23:08:46,759 - INFO - batch 28/72 all correct, no need adjustment
2026-01-31 23:08:46,822 - INFO - batch 29/72 all correct, no need adjustment
2026-01-31 23:08:46,884 - INFO - batch 30/72 all correct, no need adjustment
2026-01-31 23:08:46,946 - INFO - batch 31/72 all correct, no need adjustment
2026-01-31 23:08:47,008 - INFO - batch 32/72 all correct, no need adjustment
2026-01-31 23:08:47,070 - INFO - batch 33/72 all correct, no need adjustment
2026-01-31 23:08:47,130 - INFO - batch 34/72 all correct, no need adjustment
2026-01-31 23:08:47,192 - INFO - batch 35/72 all correct, no need adjustment
2026-01-31 23:08:47,254 - INFO - batch 36/72 all correct, no need adjustment
2026-01-31 23:08:47,315 - INFO - batch 37/72 all correct, no need adjustment
2026-01-31 23:08:47,377 - INFO - batch 38/72 all correct, no need adjustment
2026-01-31 23:08:47,437 - INFO - batch 39/72 all correct, no need adjustment
2026-01-31 23:08:47,500 - INFO - batch 40/72 all correct, no need adjustment
2026-01-31 23:08:47,563 - INFO - batch 41/72 all correct, no need adjustment
2026-01-31 23:08:47,624 - INFO - batch 42/72 all correct, no need adjustment
2026-01-31 23:08:47,688 - INFO - batch 43/72 all correct, no need adjustment
2026-01-31 23:08:47,750 - INFO - batch 44/72 all correct, no need adjustment
2026-01-31 23:08:47,813 - INFO - batch 45/72 all correct, no need adjustment
2026-01-31 23:08:47,875 - INFO - batch 46/72 all correct, no need adjustment
2026-01-31 23:08:47,937 - INFO - batch 47/72 all correct, no need adjustment
2026-01-31 23:08:47,998 - INFO - batch 48/72 all correct, no need adjustment
2026-01-31 23:08:48,060 - INFO - batch 49/72 all correct, no need adjustment
2026-01-31 23:08:48,124 - INFO - batch 50/72 all correct, no need adjustment
2026-01-31 23:08:48,186 - INFO - batch 51/72 all correct, no need adjustment
2026-01-31 23:08:48,249 - INFO - batch 52/72 all correct, no need adjustment
2026-01-31 23:08:48,313 - INFO - batch 53/72 all correct, no need adjustment
2026-01-31 23:08:48,375 - INFO - batch 54/72 all correct, no need adjustment
2026-01-31 23:08:48,437 - INFO - batch 55/72 all correct, no need adjustment
2026-01-31 23:08:48,500 - INFO - batch 56/72 all correct, no need adjustment
2026-01-31 23:08:48,563 - INFO - batch 57/72 all correct, no need adjustment
2026-01-31 23:08:48,626 - INFO - batch 58/72 all correct, no need adjustment
2026-01-31 23:08:48,687 - INFO - batch 59/72 all correct, no need adjustment
2026-01-31 23:08:48,751 - INFO - batch 60/72 all correct, no need adjustment
2026-02-01 15:11:32,189 - INFO - 训练数据集大小: 9046
2026-02-01 15:11:32,190 - INFO - 验证数据集大小: 3014
2026-02-01 15:11:32,191 - INFO - 测试数据集大小: 3014
2026-02-01 15:11:35,111 - INFO - org best acc (train): 99.99% | (val): 91.57% | (test): 91.80%

2026-02-01 15:11:35,170 - INFO - batch 0/453 all correct, no need adjustment
2026-02-01 15:11:35,229 - INFO - batch 1/453 all correct, no need adjustment
2026-02-01 15:11:35,287 - INFO - batch 2/453 all correct, no need adjustment
2026-02-01 15:11:35,345 - INFO - batch 3/453 all correct, no need adjustment
2026-02-01 15:11:35,402 - INFO - batch 4/453 all correct, no need adjustment
2026-02-01 15:11:35,460 - INFO - batch 5/453 all correct, no need adjustment
2026-02-01 15:11:35,518 - INFO - batch 6/453 all correct, no need adjustment
2026-02-01 15:11:35,576 - INFO - batch 7/453 all correct, no need adjustment
2026-02-01 15:11:35,634 - INFO - batch 8/453 all correct, no need adjustment
2026-02-01 15:11:35,692 - INFO - batch 9/453 all correct, no need adjustment
2026-02-01 15:11:35,750 - INFO - batch 10/453 all correct, no need adjustment
2026-02-01 15:11:35,809 - INFO - batch 11/453 all correct, no need adjustment
2026-02-01 15:11:35,867 - INFO - batch 12/453 all correct, no need adjustment
2026-02-01 15:11:35,925 - INFO - batch 13/453 all correct, no need adjustment
2026-02-01 15:11:35,982 - INFO - batch 14/453 all correct, no need adjustment
2026-02-01 15:11:36,040 - INFO - batch 15/453 all correct, no need adjustment
2026-02-01 15:11:36,099 - INFO - batch 16/453 all correct, no need adjustment
2026-02-01 15:11:36,155 - INFO - batch 17/453 all correct, no need adjustment
2026-02-01 15:11:36,213 - INFO - batch 18/453 all correct, no need adjustment
2026-02-01 15:11:36,271 - INFO - batch 19/453 all correct, no need adjustment
2026-02-01 15:11:36,329 - INFO - batch 20/453 all correct, no need adjustment
2026-02-01 15:11:36,387 - INFO - batch 21/453 all correct, no need adjustment
2026-02-01 15:11:36,446 - INFO - batch 22/453 all correct, no need adjustment
2026-02-01 15:11:36,503 - INFO - batch 23/453 all correct, no need adjustment
2026-02-01 15:11:36,562 - INFO - batch 24/453 all correct, no need adjustment
2026-02-01 15:11:36,620 - INFO - batch 25/453 all correct, no need adjustment
2026-02-01 15:11:36,678 - INFO - batch 26/453 all correct, no need adjustment
2026-02-01 15:11:36,736 - INFO - batch 27/453 all correct, no need adjustment
2026-02-01 15:11:36,795 - INFO - batch 28/453 all correct, no need adjustment
2026-02-01 15:11:36,853 - INFO - batch 29/453 all correct, no need adjustment
2026-02-01 15:11:36,911 - INFO - batch 30/453 all correct, no need adjustment
2026-02-01 15:11:36,968 - INFO - batch 31/453 all correct, no need adjustment
2026-02-01 15:11:37,028 - INFO - batch 32/453 all correct, no need adjustment
2026-02-01 15:11:37,085 - INFO - batch 33/453 all correct, no need adjustment
2026-02-01 15:11:37,143 - INFO - batch 34/453 all correct, no need adjustment
2026-02-01 15:11:37,201 - INFO - batch 35/453 all correct, no need adjustment
2026-02-01 15:11:37,260 - INFO - batch 36/453 all correct, no need adjustment
2026-02-01 15:11:37,317 - INFO - batch 37/453 all correct, no need adjustment
2026-02-01 15:11:37,375 - INFO - batch 38/453 all correct, no need adjustment
2026-02-01 15:11:37,433 - INFO - batch 39/453 all correct, no need adjustment
2026-02-01 15:11:37,491 - INFO - batch 40/453 all correct, no need adjustment
2026-02-01 15:11:37,549 - INFO - batch 41/453 all correct, no need adjustment
2026-02-01 15:11:37,606 - INFO - batch 42/453 all correct, no need adjustment
2026-02-01 15:11:37,663 - INFO - batch 43/453 all correct, no need adjustment
2026-02-01 15:11:37,722 - INFO - batch 44/453 all correct, no need adjustment
2026-02-01 15:11:37,780 - INFO - batch 45/453 all correct, no need adjustment
2026-02-01 15:11:37,839 - INFO - batch 46/453 all correct, no need adjustment
2026-02-01 15:11:37,896 - INFO - batch 47/453 all correct, no need adjustment
2026-02-01 15:11:37,955 - INFO - batch 48/453 all correct, no need adjustment
2026-02-01 15:11:38,014 - INFO - batch 49/453 all correct, no need adjustment
2026-02-01 15:11:38,072 - INFO - batch 50/453 all correct, no need adjustment
2026-02-01 15:11:38,130 - INFO - batch 51/453 all correct, no need adjustment
2026-02-01 15:11:38,187 - INFO - batch 52/453 all correct, no need adjustment
2026-02-01 15:11:38,245 - INFO - batch 53/453 all correct, no need adjustment
2026-02-01 15:11:38,303 - INFO - batch 54/453 all correct, no need adjustment
2026-02-01 15:11:38,362 - INFO - batch 55/453 all correct, no need adjustment
2026-02-01 15:11:38,421 - INFO - batch 56/453 all correct, no need adjustment
2026-02-01 15:11:38,478 - INFO - batch 57/453 all correct, no need adjustment
2026-02-01 15:11:38,536 - INFO - batch 58/453 all correct, no need adjustment
2026-02-01 15:11:38,594 - INFO - batch 59/453 all correct, no need adjustment
2026-02-01 15:11:38,652 - INFO - batch 60/453 all correct, no need adjustment
2026-02-01 15:11:38,710 - INFO - batch 61/453 all correct, no need adjustment
2026-02-01 15:11:38,768 - INFO - batch 62/453 all correct, no need adjustment
2026-02-01 15:11:38,827 - INFO - batch 63/453 all correct, no need adjustment
2026-02-01 15:11:38,885 - INFO - batch 64/453 all correct, no need adjustment
2026-02-01 15:11:38,943 - INFO - batch 65/453 all correct, no need adjustment
2026-02-01 15:11:39,002 - INFO - batch 66/453 all correct, no need adjustment
2026-02-01 15:11:39,060 - INFO - batch 67/453 all correct, no need adjustment
2026-02-01 15:11:39,117 - INFO - batch 68/453 all correct, no need adjustment
2026-02-01 15:11:39,175 - INFO - batch 69/453 all correct, no need adjustment
2026-02-01 15:11:39,233 - INFO - batch 70/453 all correct, no need adjustment
2026-02-01 15:11:39,291 - INFO - batch 71/453 all correct, no need adjustment
2026-02-01 15:11:39,349 - INFO - batch 72/453 all correct, no need adjustment
2026-02-01 15:11:39,406 - INFO - batch 73/453 all correct, no need adjustment
2026-02-01 15:11:39,464 - INFO - batch 74/453 all correct, no need adjustment
2026-02-01 15:11:39,522 - INFO - batch 75/453 all correct, no need adjustment
2026-02-01 15:11:39,580 - INFO - batch 76/453 all correct, no need adjustment
2026-02-01 15:11:39,638 - INFO - batch 77/453 all correct, no need adjustment
2026-02-01 15:11:39,696 - INFO - batch 78/453 all correct, no need adjustment
2026-02-01 15:11:39,754 - INFO - batch 79/453 all correct, no need adjustment
2026-02-01 15:11:39,812 - INFO - batch 80/453 all correct, no need adjustment
2026-02-01 15:11:39,871 - INFO - batch 81/453 all correct, no need adjustment
2026-02-01 15:11:39,929 - INFO - batch 82/453 all correct, no need adjustment
2026-02-01 15:11:39,986 - INFO - batch 83/453 all correct, no need adjustment
2026-02-01 15:11:40,045 - INFO - batch 84/453 all correct, no need adjustment
2026-02-01 15:11:40,103 - INFO - batch 85/453 all correct, no need adjustment
2026-02-01 15:11:40,160 - INFO - batch 86/453 all correct, no need adjustment
2026-02-01 15:11:40,219 - INFO - batch 87/453 all correct, no need adjustment
2026-02-01 15:11:40,278 - INFO - batch 88/453 all correct, no need adjustment
2026-02-01 15:11:40,335 - INFO - batch 89/453 all correct, no need adjustment
2026-02-01 15:11:40,393 - INFO - batch 90/453 all correct, no need adjustment
2026-02-01 15:11:40,451 - INFO - batch 91/453 all correct, no need adjustment
2026-02-01 15:11:40,509 - INFO - batch 92/453 all correct, no need adjustment
2026-02-01 15:11:40,566 - INFO - batch 93/453 all correct, no need adjustment
2026-02-01 15:11:40,624 - INFO - batch 94/453 all correct, no need adjustment
2026-02-01 15:11:40,682 - INFO - batch 95/453 all correct, no need adjustment
2026-02-01 15:11:40,740 - INFO - batch 96/453 all correct, no need adjustment
2026-02-01 15:11:40,798 - INFO - batch 97/453 all correct, no need adjustment
2026-02-01 15:11:40,856 - INFO - batch 98/453 all correct, no need adjustment
2026-02-01 15:11:40,915 - INFO - batch 99/453 all correct, no need adjustment
2026-02-01 15:11:40,972 - INFO - batch 100/453 all correct, no need adjustment
2026-02-01 15:11:41,032 - INFO - batch 101/453 all correct, no need adjustment
2026-02-01 15:11:41,090 - INFO - batch 102/453 all correct, no need adjustment
2026-02-01 15:11:41,148 - INFO - batch 103/453 all correct, no need adjustment
2026-02-01 15:11:41,206 - INFO - batch 104/453 all correct, no need adjustment
2026-02-01 15:11:41,263 - INFO - batch 105/453 all correct, no need adjustment
2026-02-01 15:11:41,322 - INFO - batch 106/453 all correct, no need adjustment
2026-02-01 15:11:41,379 - INFO - batch 107/453 all correct, no need adjustment
2026-02-01 15:11:41,437 - INFO - batch 108/453 all correct, no need adjustment
2026-02-01 15:11:41,496 - INFO - batch 109/453 all correct, no need adjustment
2026-02-01 15:11:41,554 - INFO - batch 110/453 all correct, no need adjustment
2026-02-01 15:11:41,612 - INFO - batch 111/453 all correct, no need adjustment
2026-02-01 15:11:41,669 - INFO - batch 112/453 all correct, no need adjustment
2026-02-01 15:11:41,729 - INFO - batch 113/453 all correct, no need adjustment
2026-02-01 15:11:41,786 - INFO - batch 114/453 all correct, no need adjustment
2026-02-01 15:11:41,844 - INFO - batch 115/453 all correct, no need adjustment
2026-02-01 15:11:41,902 - INFO - batch 116/453 all correct, no need adjustment
2026-02-01 15:11:41,961 - INFO - batch 117/453 all correct, no need adjustment
2026-02-01 15:11:42,019 - INFO - batch 118/453 all correct, no need adjustment
2026-02-01 15:11:42,078 - INFO - batch 119/453 all correct, no need adjustment
2026-02-01 15:11:42,135 - INFO - batch 120/453 all correct, no need adjustment
2026-02-01 15:11:42,192 - INFO - batch 121/453 all correct, no need adjustment
2026-02-01 15:11:42,251 - INFO - batch 122/453 all correct, no need adjustment
2026-02-01 15:11:42,308 - INFO - batch 123/453 all correct, no need adjustment
2026-02-01 15:11:42,365 - INFO - batch 124/453 all correct, no need adjustment
2026-02-01 15:11:42,423 - INFO - batch 125/453 all correct, no need adjustment
2026-02-01 15:11:42,479 - INFO - batch 126/453 all correct, no need adjustment
2026-02-01 15:11:42,539 - INFO - batch 127/453 all correct, no need adjustment
2026-02-01 15:11:42,597 - INFO - batch 128/453 all correct, no need adjustment
2026-02-01 15:11:42,655 - INFO - batch 129/453 all correct, no need adjustment
2026-02-01 15:11:42,712 - INFO - batch 130/453 all correct, no need adjustment
2026-02-01 15:11:42,770 - INFO - batch 131/453 all correct, no need adjustment
2026-02-01 15:11:42,829 - INFO - batch 132/453 all correct, no need adjustment
2026-02-01 15:11:42,887 - INFO - batch 133/453 all correct, no need adjustment
2026-02-01 15:11:42,944 - INFO - batch 134/453 all correct, no need adjustment
2026-02-01 15:11:43,002 - INFO - batch 135/453 all correct, no need adjustment
2026-02-01 15:11:43,060 - INFO - batch 136/453 all correct, no need adjustment
2026-02-01 15:11:43,117 - INFO - batch 137/453 all correct, no need adjustment
2026-02-01 15:11:43,174 - INFO - batch 138/453 all correct, no need adjustment
2026-02-01 15:11:43,232 - INFO - batch 139/453 all correct, no need adjustment
2026-02-01 15:11:43,291 - INFO - batch 140/453 all correct, no need adjustment
2026-02-01 15:11:43,348 - INFO - batch 141/453 all correct, no need adjustment
2026-02-01 15:11:43,405 - INFO - batch 142/453 all correct, no need adjustment
2026-02-01 15:11:43,463 - INFO - batch 143/453 all correct, no need adjustment
2026-02-01 15:11:43,521 - INFO - batch 144/453 all correct, no need adjustment
2026-02-01 15:11:43,578 - INFO - batch 145/453 all correct, no need adjustment
2026-02-01 15:11:43,636 - INFO - batch 146/453 all correct, no need adjustment
2026-02-01 15:11:43,695 - INFO - batch 147/453 all correct, no need adjustment
2026-02-01 15:11:43,753 - INFO - batch 148/453 all correct, no need adjustment
2026-02-01 15:11:43,811 - INFO - batch 149/453 all correct, no need adjustment
2026-02-01 15:11:43,869 - INFO - batch 150/453 all correct, no need adjustment
2026-02-01 15:11:43,927 - INFO - batch 151/453 all correct, no need adjustment
2026-02-01 15:11:43,985 - INFO - batch 152/453 all correct, no need adjustment
2026-02-01 15:11:44,043 - INFO - batch 153/453 all correct, no need adjustment
2026-02-01 15:11:44,101 - INFO - batch 154/453 all correct, no need adjustment
2026-02-01 15:11:44,160 - INFO - batch 155/453 all correct, no need adjustment
2026-02-01 15:11:44,218 - INFO - batch 156/453 all correct, no need adjustment
2026-02-01 15:11:44,274 - INFO - batch 157/453 all correct, no need adjustment
2026-02-01 15:11:44,332 - INFO - batch 158/453 all correct, no need adjustment
2026-02-01 15:11:44,391 - INFO - batch 159/453 all correct, no need adjustment
2026-02-01 15:11:44,449 - INFO - batch 160/453 all correct, no need adjustment
2026-02-01 15:11:44,505 - INFO - batch 161/453 all correct, no need adjustment
2026-02-01 15:11:44,564 - INFO - batch 162/453 all correct, no need adjustment
2026-02-01 15:11:44,622 - INFO - batch 163/453 all correct, no need adjustment
2026-02-01 15:11:44,680 - INFO - batch 164/453 all correct, no need adjustment
2026-02-01 15:11:44,737 - INFO - batch 165/453 all correct, no need adjustment
2026-02-01 15:11:44,794 - INFO - batch 166/453 all correct, no need adjustment
2026-02-01 15:11:44,852 - INFO - batch 167/453 all correct, no need adjustment
2026-02-01 15:11:44,910 - INFO - batch 168/453 all correct, no need adjustment
2026-02-01 15:11:44,968 - INFO - batch 169/453 all correct, no need adjustment
2026-02-01 15:11:45,026 - INFO - batch 170/453 all correct, no need adjustment
2026-02-01 15:11:45,084 - INFO - batch 171/453 all correct, no need adjustment
2026-02-01 15:11:45,141 - INFO - batch 172/453 all correct, no need adjustment
2026-02-01 15:11:45,198 - INFO - batch 173/453 all correct, no need adjustment
2026-02-01 15:11:45,255 - INFO - batch 174/453 all correct, no need adjustment
2026-02-01 15:11:45,313 - INFO - batch 175/453 all correct, no need adjustment
2026-02-01 15:11:45,371 - INFO - batch 176/453 all correct, no need adjustment
2026-02-01 15:11:45,428 - INFO - batch 177/453 all correct, no need adjustment
2026-02-01 15:11:45,486 - INFO - batch 178/453 all correct, no need adjustment
2026-02-01 15:11:45,543 - INFO - batch 179/453 all correct, no need adjustment
2026-02-01 15:11:45,600 - INFO - batch 180/453 all correct, no need adjustment
2026-02-01 15:11:45,659 - INFO - batch 181/453 all correct, no need adjustment
2026-02-01 15:11:45,717 - INFO - batch 182/453 all correct, no need adjustment
2026-02-01 15:11:45,774 - INFO - batch 183/453 all correct, no need adjustment
2026-02-01 15:11:45,832 - INFO - batch 184/453 all correct, no need adjustment
2026-02-01 15:11:45,890 - INFO - batch 185/453 all correct, no need adjustment
2026-02-01 15:11:45,948 - INFO - batch 186/453 all correct, no need adjustment
2026-02-01 15:11:46,005 - INFO - batch 187/453 all correct, no need adjustment
2026-02-01 15:11:46,063 - INFO - batch 188/453 all correct, no need adjustment
2026-02-01 15:11:46,121 - INFO - batch 189/453 all correct, no need adjustment
2026-02-01 15:11:46,179 - INFO - batch 190/453 all correct, no need adjustment
2026-02-01 15:11:46,236 - INFO - batch 191/453 all correct, no need adjustment
2026-02-01 15:11:46,294 - INFO - batch 192/453 all correct, no need adjustment
2026-02-01 15:11:46,352 - INFO - batch 193/453 all correct, no need adjustment
2026-02-01 15:11:46,408 - INFO - batch 194/453 all correct, no need adjustment
2026-02-01 15:11:46,466 - INFO - batch 195/453 all correct, no need adjustment
2026-02-01 15:11:46,523 - INFO - batch 196/453 all correct, no need adjustment
2026-02-01 15:11:46,581 - INFO - batch 197/453 all correct, no need adjustment
2026-02-01 15:11:46,638 - INFO - batch 198/453 all correct, no need adjustment
2026-02-01 15:11:46,696 - INFO - batch 199/453 all correct, no need adjustment
2026-02-01 15:11:46,754 - INFO - batch 200/453 all correct, no need adjustment
2026-02-01 15:11:46,811 - INFO - batch 201/453 all correct, no need adjustment
2026-02-01 15:11:46,868 - INFO - batch 202/453 all correct, no need adjustment
2026-02-01 15:11:46,927 - INFO - batch 203/453 all correct, no need adjustment
2026-02-01 15:11:46,984 - INFO - batch 204/453 all correct, no need adjustment
2026-02-01 15:11:47,042 - INFO - batch 205/453 all correct, no need adjustment
2026-02-01 15:11:47,099 - INFO - batch 206/453 all correct, no need adjustment
2026-02-01 15:11:47,155 - INFO - batch 207/453 all correct, no need adjustment
2026-02-01 15:11:47,213 - INFO - batch 208/453 all correct, no need adjustment
2026-02-01 15:11:47,271 - INFO - batch 209/453 all correct, no need adjustment
2026-02-01 15:11:47,328 - INFO - batch 210/453 all correct, no need adjustment
2026-02-01 15:11:47,385 - INFO - batch 211/453 all correct, no need adjustment
2026-02-01 15:11:47,444 - INFO - batch 212/453 all correct, no need adjustment
2026-02-01 15:11:47,500 - INFO - batch 213/453 all correct, no need adjustment
2026-02-01 15:11:47,559 - INFO - batch 214/453 all correct, no need adjustment
2026-02-01 15:11:47,615 - INFO - batch 215/453 all correct, no need adjustment
2026-02-01 15:11:47,674 - INFO - batch 216/453 all correct, no need adjustment
2026-02-01 15:11:47,731 - INFO - batch 217/453 all correct, no need adjustment
2026-02-01 15:11:47,788 - INFO - batch 218/453 all correct, no need adjustment
2026-02-01 15:11:47,847 - INFO - batch 219/453 all correct, no need adjustment
2026-02-01 15:11:47,904 - INFO - batch 220/453 all correct, no need adjustment
2026-02-01 15:11:47,962 - INFO - batch 221/453 all correct, no need adjustment
2026-02-01 15:11:48,019 - INFO - batch 222/453 all correct, no need adjustment
2026-02-01 15:11:48,077 - INFO - batch 223/453 all correct, no need adjustment
2026-02-01 15:11:48,134 - INFO - batch 224/453 all correct, no need adjustment
2026-02-01 15:11:48,192 - INFO - batch 225/453 all correct, no need adjustment
2026-02-01 15:11:48,251 - INFO - batch 226/453 all correct, no need adjustment
2026-02-01 15:11:48,308 - INFO - batch 227/453 all correct, no need adjustment
2026-02-01 15:11:48,365 - INFO - batch 228/453 all correct, no need adjustment
2026-02-01 15:11:48,423 - INFO - batch 229/453 all correct, no need adjustment
2026-02-01 15:11:48,481 - INFO - batch 230/453 all correct, no need adjustment
2026-02-01 15:11:48,539 - INFO - batch 231/453 all correct, no need adjustment
2026-02-01 15:11:48,598 - INFO - batch 232/453 all correct, no need adjustment
2026-02-01 15:11:48,654 - INFO - batch 233/453 all correct, no need adjustment
2026-02-01 15:11:48,713 - INFO - batch 234/453 all correct, no need adjustment
2026-02-01 15:11:48,770 - INFO - batch 235/453 all correct, no need adjustment
2026-02-01 15:11:48,829 - INFO - batch 236/453 all correct, no need adjustment
2026-02-01 15:11:48,887 - INFO - batch 237/453 all correct, no need adjustment
2026-02-01 15:11:48,945 - INFO - batch 238/453 all correct, no need adjustment
2026-02-01 15:11:49,003 - INFO - batch 239/453 all correct, no need adjustment
2026-02-01 15:11:49,061 - INFO - batch 240/453 all correct, no need adjustment
2026-02-01 15:11:49,119 - INFO - batch 241/453 all correct, no need adjustment
2026-02-01 15:11:49,177 - INFO - batch 242/453 all correct, no need adjustment
2026-02-01 15:11:49,235 - INFO - batch 243/453 all correct, no need adjustment
2026-02-01 15:11:49,294 - INFO - batch 244/453 all correct, no need adjustment
2026-02-01 15:11:49,351 - INFO - batch 245/453 all correct, no need adjustment
2026-02-01 15:11:49,408 - INFO - batch 246/453 all correct, no need adjustment
2026-02-01 15:11:49,466 - INFO - batch 247/453 all correct, no need adjustment
2026-02-01 15:11:49,523 - INFO - batch 248/453 all correct, no need adjustment
2026-02-01 15:11:49,581 - INFO - batch 249/453 all correct, no need adjustment
2026-02-01 15:11:49,638 - INFO - batch 250/453 all correct, no need adjustment
2026-02-01 15:11:49,696 - INFO - batch 251/453 all correct, no need adjustment
2026-02-01 15:11:49,754 - INFO - batch 252/453 all correct, no need adjustment
2026-02-01 15:11:49,813 - INFO - batch 253/453 all correct, no need adjustment
2026-02-01 15:11:49,871 - INFO - batch 254/453 all correct, no need adjustment
2026-02-01 15:11:49,929 - INFO - batch 255/453 all correct, no need adjustment
2026-02-01 15:11:49,988 - INFO - batch 256/453 all correct, no need adjustment
2026-02-01 15:11:50,045 - INFO - batch 257/453 all correct, no need adjustment
2026-02-01 15:11:50,104 - INFO - batch 258/453 all correct, no need adjustment
2026-02-01 15:11:50,162 - INFO - batch 259/453 all correct, no need adjustment
2026-02-01 15:11:50,220 - INFO - batch 260/453 all correct, no need adjustment
2026-02-01 15:11:50,278 - INFO - batch 261/453 all correct, no need adjustment
2026-02-01 15:11:50,336 - INFO - batch 262/453 all correct, no need adjustment
2026-02-01 15:11:50,394 - INFO - batch 263/453 all correct, no need adjustment
2026-02-01 15:11:50,452 - INFO - batch 264/453 all correct, no need adjustment
2026-02-01 15:11:50,510 - INFO - batch 265/453 all correct, no need adjustment
2026-02-01 15:11:50,568 - INFO - batch 266/453 all correct, no need adjustment
2026-02-01 15:11:50,625 - INFO - batch 267/453 all correct, no need adjustment
2026-02-01 15:11:50,683 - INFO - batch 268/453 all correct, no need adjustment
2026-02-01 15:11:50,741 - INFO - batch 269/453 all correct, no need adjustment
2026-02-01 15:11:50,799 - INFO - batch 270/453 all correct, no need adjustment
2026-02-01 15:11:50,857 - INFO - batch 271/453 all correct, no need adjustment
2026-02-01 15:11:50,915 - INFO - batch 272/453 all correct, no need adjustment
2026-02-01 15:11:50,973 - INFO - batch 273/453 all correct, no need adjustment
2026-02-01 15:11:51,030 - INFO - batch 274/453 all correct, no need adjustment
2026-02-01 15:11:51,088 - INFO - batch 275/453 all correct, no need adjustment
2026-02-01 15:11:51,145 - INFO - batch 276/453 all correct, no need adjustment
2026-02-01 15:11:51,203 - INFO - batch 277/453 all correct, no need adjustment
2026-02-01 15:11:51,260 - INFO - batch 278/453 all correct, no need adjustment
2026-02-01 15:11:51,319 - INFO - batch 279/453 all correct, no need adjustment
2026-02-01 15:11:51,376 - INFO - batch 280/453 all correct, no need adjustment
2026-02-01 15:11:51,434 - INFO - batch 281/453 all correct, no need adjustment
2026-02-01 15:11:51,491 - INFO - batch 282/453 all correct, no need adjustment
2026-02-01 15:11:51,549 - INFO - batch 283/453 all correct, no need adjustment
2026-02-01 15:11:51,608 - INFO - batch 284/453 all correct, no need adjustment
2026-02-01 15:11:51,666 - INFO - batch 285/453 all correct, no need adjustment
2026-02-01 15:11:51,724 - INFO - batch 286/453 all correct, no need adjustment
2026-02-01 15:11:51,782 - INFO - batch 287/453 all correct, no need adjustment
2026-02-01 15:11:51,840 - INFO - batch 288/453 all correct, no need adjustment
2026-02-01 15:11:51,898 - INFO - batch 289/453 all correct, no need adjustment
2026-02-01 15:11:51,956 - INFO - batch 290/453 all correct, no need adjustment
2026-02-01 15:11:52,014 - INFO - batch 291/453, need adjustment
2026-02-01 15:11:53,495 - INFO - batch 291/453 done, last improvement 291 batches ago
2026-02-01 15:11:53,495 - INFO -  best accuracy prior training in (train): 99.99% | (val) 91.57%
2026-02-01 15:11:53,496 - INFO - Process... Retraining model 50.00%
2026-02-01 15:11:56,814 - INFO - Process... Retraining model 100.00%
2026-02-01 15:12:01,454 - INFO - New accuracy (train) post training: 99.98% | (val) 91.57%

2026-02-01 15:12:01,513 - INFO - batch 292/453 all correct, no need adjustment
2026-02-01 15:12:01,571 - INFO - batch 293/453 all correct, no need adjustment
2026-02-01 15:12:01,629 - INFO - batch 294/453 all correct, no need adjustment
2026-02-01 15:12:01,687 - INFO - batch 295/453 all correct, no need adjustment
2026-02-01 15:12:01,746 - INFO - batch 296/453 all correct, no need adjustment
2026-02-01 15:12:01,804 - INFO - batch 297/453 all correct, no need adjustment
2026-02-01 15:12:01,861 - INFO - batch 298/453 all correct, no need adjustment
2026-02-01 15:12:01,919 - INFO - batch 299/453 all correct, no need adjustment
2026-02-01 15:12:01,977 - INFO - batch 300/453 all correct, no need adjustment
2026-02-01 15:12:02,034 - INFO - batch 301/453 all correct, no need adjustment
2026-02-01 15:12:02,092 - INFO - batch 302/453 all correct, no need adjustment
2026-02-01 15:12:02,150 - INFO - batch 303/453 all correct, no need adjustment
2026-02-01 15:12:02,207 - INFO - batch 304/453 all correct, no need adjustment
2026-02-01 15:12:02,265 - INFO - batch 305/453 all correct, no need adjustment
2026-02-01 15:12:02,324 - INFO - batch 306/453 all correct, no need adjustment
2026-02-01 15:12:02,382 - INFO - batch 307/453 all correct, no need adjustment
2026-02-01 15:12:02,440 - INFO - batch 308/453 all correct, no need adjustment
2026-02-01 15:12:02,498 - INFO - batch 309/453 all correct, no need adjustment
2026-02-01 15:12:02,556 - INFO - batch 310/453 all correct, no need adjustment
2026-02-01 15:12:02,614 - INFO - batch 311/453 all correct, no need adjustment
2026-02-01 15:12:02,672 - INFO - batch 312/453 all correct, no need adjustment
2026-02-01 15:12:02,729 - INFO - batch 313/453 all correct, no need adjustment
2026-02-01 15:12:02,786 - INFO - batch 314/453 all correct, no need adjustment
2026-02-01 15:12:02,844 - INFO - batch 315/453 all correct, no need adjustment
2026-02-01 15:12:02,902 - INFO - batch 316/453 all correct, no need adjustment
2026-02-01 15:12:02,960 - INFO - batch 317/453 all correct, no need adjustment
2026-02-01 15:12:03,019 - INFO - batch 318/453 all correct, no need adjustment
2026-02-01 15:12:03,076 - INFO - batch 319/453 all correct, no need adjustment
2026-02-01 15:12:03,134 - INFO - batch 320/453 all correct, no need adjustment
2026-02-01 15:12:03,192 - INFO - batch 321/453 all correct, no need adjustment
2026-02-01 15:12:03,250 - INFO - batch 322/453 all correct, no need adjustment
2026-02-01 15:12:03,308 - INFO - batch 323/453 all correct, no need adjustment
2026-02-01 15:12:03,366 - INFO - batch 324/453 all correct, no need adjustment
2026-02-01 15:12:03,424 - INFO - batch 325/453 all correct, no need adjustment
2026-02-01 15:12:03,482 - INFO - batch 326/453 all correct, no need adjustment
2026-02-01 15:12:03,541 - INFO - batch 327/453 all correct, no need adjustment
2026-02-01 15:12:03,599 - INFO - batch 328/453 all correct, no need adjustment
2026-02-01 15:12:03,657 - INFO - batch 329/453 all correct, no need adjustment
2026-02-01 15:12:03,716 - INFO - batch 330/453 all correct, no need adjustment
2026-02-01 15:12:03,773 - INFO - batch 331/453 all correct, no need adjustment
2026-02-01 15:12:03,832 - INFO - batch 332/453 all correct, no need adjustment
2026-02-01 15:12:03,890 - INFO - batch 333/453 all correct, no need adjustment
2026-02-01 15:12:03,948 - INFO - batch 334/453 all correct, no need adjustment
2026-02-01 15:12:04,005 - INFO - batch 335/453 all correct, no need adjustment
2026-02-01 15:12:04,065 - INFO - batch 336/453 all correct, no need adjustment
2026-02-01 15:12:04,123 - INFO - batch 337/453 all correct, no need adjustment
2026-02-01 15:12:04,181 - INFO - batch 338/453 all correct, no need adjustment
2026-02-01 15:12:04,239 - INFO - batch 339/453 all correct, no need adjustment
2026-02-01 15:12:04,298 - INFO - batch 340/453 all correct, no need adjustment
2026-02-01 15:12:04,356 - INFO - batch 341/453, need adjustment
2026-02-01 15:12:05,815 - INFO - batch 341/453 done, last improvement 341 batches ago
2026-02-01 15:12:05,815 - INFO -  best accuracy prior training in (train): 99.98% | (val) 91.57%
2026-02-01 15:12:05,816 - INFO - Process... Retraining model 50.00%
2026-02-01 15:12:09,022 - INFO - Process... Retraining model 100.00%
2026-02-01 15:12:13,687 - INFO - New accuracy (train) post training: 99.98% | (val) 91.24%

2026-02-01 15:12:13,746 - INFO - batch 342/453 all correct, no need adjustment
2026-02-01 15:12:13,804 - INFO - batch 343/453 all correct, no need adjustment
2026-02-01 15:12:13,862 - INFO - batch 344/453 all correct, no need adjustment
2026-02-01 15:12:13,919 - INFO - batch 345/453 all correct, no need adjustment
2026-02-01 15:12:13,978 - INFO - batch 346/453 all correct, no need adjustment
2026-02-01 15:12:14,037 - INFO - batch 347/453 all correct, no need adjustment
2026-02-01 15:12:14,095 - INFO - batch 348/453 all correct, no need adjustment
2026-02-01 15:12:14,153 - INFO - batch 349/453 all correct, no need adjustment
2026-02-01 15:12:14,211 - INFO - batch 350/453 all correct, no need adjustment
2026-02-01 15:12:14,269 - INFO - batch 351/453 all correct, no need adjustment
2026-02-01 15:12:14,326 - INFO - batch 352/453 all correct, no need adjustment
2026-02-01 15:12:14,384 - INFO - batch 353/453 all correct, no need adjustment
2026-02-01 15:12:14,443 - INFO - batch 354/453 all correct, no need adjustment
2026-02-01 15:12:14,501 - INFO - batch 355/453 all correct, no need adjustment
2026-02-01 15:12:14,559 - INFO - batch 356/453 all correct, no need adjustment
2026-02-01 15:12:14,618 - INFO - batch 357/453 all correct, no need adjustment
2026-02-01 15:12:14,676 - INFO - batch 358/453 all correct, no need adjustment
2026-02-01 15:12:14,734 - INFO - batch 359/453 all correct, no need adjustment
2026-02-01 15:12:14,792 - INFO - batch 360/453 all correct, no need adjustment
2026-02-01 15:12:14,850 - INFO - batch 361/453 all correct, no need adjustment
2026-02-01 15:12:14,908 - INFO - batch 362/453 all correct, no need adjustment
2026-02-01 15:12:14,966 - INFO - batch 363/453 all correct, no need adjustment
2026-02-01 15:12:15,025 - INFO - batch 364/453 all correct, no need adjustment
2026-02-01 15:12:15,083 - INFO - batch 365/453 all correct, no need adjustment
2026-02-01 15:12:15,140 - INFO - batch 366/453 all correct, no need adjustment
2026-02-01 15:12:15,200 - INFO - batch 367/453 all correct, no need adjustment
2026-02-01 15:12:15,258 - INFO - batch 368/453 all correct, no need adjustment
2026-02-01 15:12:15,315 - INFO - batch 369/453 all correct, no need adjustment
2026-02-01 15:12:15,374 - INFO - batch 370/453 all correct, no need adjustment
2026-02-01 15:12:15,433 - INFO - batch 371/453 all correct, no need adjustment
2026-02-01 15:12:15,491 - INFO - batch 372/453 all correct, no need adjustment
2026-02-01 15:12:15,549 - INFO - batch 373/453 all correct, no need adjustment
2026-02-01 15:12:15,607 - INFO - batch 374/453 all correct, no need adjustment
2026-02-01 15:12:15,665 - INFO - batch 375/453 all correct, no need adjustment
2026-02-01 15:12:15,723 - INFO - batch 376/453 all correct, no need adjustment
2026-02-01 15:12:15,782 - INFO - batch 377/453 all correct, no need adjustment
2026-02-01 15:12:15,840 - INFO - batch 378/453 all correct, no need adjustment
2026-02-01 15:12:15,898 - INFO - batch 379/453 all correct, no need adjustment
2026-02-01 15:12:15,957 - INFO - batch 380/453 all correct, no need adjustment
2026-02-01 15:12:16,015 - INFO - batch 381/453 all correct, no need adjustment
2026-02-01 15:12:16,073 - INFO - batch 382/453 all correct, no need adjustment
2026-02-01 15:12:16,132 - INFO - batch 383/453 all correct, no need adjustment
2026-02-01 15:12:16,190 - INFO - batch 384/453 all correct, no need adjustment
2026-02-01 15:12:16,247 - INFO - batch 385/453 all correct, no need adjustment
2026-02-01 15:12:16,305 - INFO - batch 386/453 all correct, no need adjustment
2026-02-01 15:12:16,363 - INFO - batch 387/453 all correct, no need adjustment
2026-02-01 15:12:16,422 - INFO - batch 388/453 all correct, no need adjustment
2026-02-01 15:12:16,481 - INFO - batch 389/453 all correct, no need adjustment
2026-02-01 15:12:16,538 - INFO - batch 390/453 all correct, no need adjustment
2026-02-01 15:12:16,597 - INFO - batch 391/453 all correct, no need adjustment
2026-02-01 15:12:16,656 - INFO - batch 392/453 all correct, no need adjustment
2026-02-01 15:12:16,715 - INFO - batch 393/453 all correct, no need adjustment
2026-02-01 15:12:16,773 - INFO - batch 394/453 all correct, no need adjustment
2026-02-01 15:12:16,830 - INFO - batch 395/453 all correct, no need adjustment
2026-02-01 15:12:16,889 - INFO - batch 396/453 all correct, no need adjustment
2026-02-01 15:12:16,948 - INFO - batch 397/453 all correct, no need adjustment
2026-02-01 15:12:17,006 - INFO - batch 398/453 all correct, no need adjustment
2026-02-01 15:12:17,064 - INFO - batch 399/453 all correct, no need adjustment
2026-02-01 15:12:17,122 - INFO - batch 400/453 all correct, no need adjustment
2026-02-01 15:12:17,180 - INFO - batch 401/453 all correct, no need adjustment
2026-02-01 15:12:17,241 - INFO - batch 402/453 all correct, no need adjustment
2026-02-01 15:12:17,299 - INFO - batch 403/453 all correct, no need adjustment
2026-02-01 15:12:17,357 - INFO - batch 404/453 all correct, no need adjustment
2026-02-01 15:12:17,414 - INFO - batch 405/453 all correct, no need adjustment
2026-02-01 15:12:17,471 - INFO - batch 406/453 all correct, no need adjustment
2026-02-01 15:12:17,530 - INFO - batch 407/453 all correct, no need adjustment
2026-02-01 15:12:17,588 - INFO - batch 408/453 all correct, no need adjustment
2026-02-01 15:12:17,646 - INFO - batch 409/453 all correct, no need adjustment
2026-02-01 15:12:17,704 - INFO - batch 410/453 all correct, no need adjustment
2026-02-01 15:12:17,762 - INFO - batch 411/453 all correct, no need adjustment
2026-02-01 15:12:17,820 - INFO - batch 412/453 all correct, no need adjustment
2026-02-01 15:12:17,878 - INFO - batch 413/453 all correct, no need adjustment
2026-02-01 15:12:17,936 - INFO - batch 414/453 all correct, no need adjustment
2026-02-01 15:12:17,993 - INFO - batch 415/453 all correct, no need adjustment
2026-02-01 15:12:18,051 - INFO - batch 416/453, need adjustment
2026-02-01 15:12:19,540 - INFO - batch 416/453 done, last improvement 416 batches ago
2026-02-01 15:12:19,541 - INFO -  best accuracy prior training in (train): 99.98% | (val) 91.21%
2026-02-01 15:12:19,542 - INFO - Process... Retraining model 50.00%
2026-02-01 15:12:22,808 - INFO - Process... Retraining model 100.00%
2026-02-01 15:12:27,541 - INFO - New accuracy (train) post training: 99.97% | (val) 92.04%

2026-02-01 15:12:27,601 - INFO - batch 417/453 all correct, no need adjustment
2026-02-01 15:12:27,660 - INFO - batch 418/453 all correct, no need adjustment
2026-02-01 15:12:27,719 - INFO - batch 419/453 all correct, no need adjustment
2026-02-01 15:12:27,777 - INFO - batch 420/453 all correct, no need adjustment
2026-02-01 15:12:27,835 - INFO - batch 421/453 all correct, no need adjustment
2026-02-01 15:12:27,893 - INFO - batch 422/453 all correct, no need adjustment
2026-02-01 15:12:27,952 - INFO - batch 423/453 all correct, no need adjustment
2026-02-01 15:12:28,011 - INFO - batch 424/453 all correct, no need adjustment
2026-02-01 15:12:28,068 - INFO - batch 425/453 all correct, no need adjustment
2026-02-01 15:12:28,127 - INFO - batch 426/453 all correct, no need adjustment
2026-02-01 15:12:28,185 - INFO - batch 427/453 all correct, no need adjustment
2026-02-01 15:12:28,244 - INFO - batch 428/453 all correct, no need adjustment
2026-02-01 15:12:28,301 - INFO - batch 429/453 all correct, no need adjustment
2026-02-01 15:12:28,359 - INFO - batch 430/453 all correct, no need adjustment
2026-02-01 15:12:28,419 - INFO - batch 431/453 all correct, no need adjustment
2026-02-01 15:12:28,477 - INFO - batch 432/453 all correct, no need adjustment
2026-02-01 15:12:28,535 - INFO - batch 433/453 all correct, no need adjustment
2026-02-01 15:12:28,594 - INFO - batch 434/453 all correct, no need adjustment
2026-02-01 15:12:28,652 - INFO - batch 435/453 all correct, no need adjustment
2026-02-01 15:12:28,710 - INFO - batch 436/453 all correct, no need adjustment
2026-02-01 15:12:28,768 - INFO - batch 437/453 all correct, no need adjustment
2026-02-01 15:12:28,826 - INFO - batch 438/453 all correct, no need adjustment
2026-02-01 15:12:28,884 - INFO - batch 439/453 all correct, no need adjustment
2026-02-01 15:12:28,941 - INFO - batch 440/453 all correct, no need adjustment
2026-02-01 15:12:29,000 - INFO - batch 441/453 all correct, no need adjustment
2026-02-01 15:12:29,058 - INFO - batch 442/453 all correct, no need adjustment
2026-02-01 15:12:29,116 - INFO - batch 443/453 all correct, no need adjustment
2026-02-01 15:12:29,176 - INFO - batch 444/453 all correct, no need adjustment
2026-02-01 15:12:29,235 - INFO - batch 445/453 all correct, no need adjustment
2026-02-01 15:12:29,292 - INFO - batch 446/453 all correct, no need adjustment
2026-02-01 15:12:29,350 - INFO - batch 447/453 all correct, no need adjustment
2026-02-01 15:12:29,409 - INFO - batch 448/453 all correct, no need adjustment
2026-02-01 15:12:29,467 - INFO - batch 449/453 all correct, no need adjustment
2026-02-01 15:12:29,525 - INFO - batch 450/453 all correct, no need adjustment
2026-02-01 15:12:29,584 - INFO - batch 451/453 all correct, no need adjustment
2026-02-01 15:12:29,624 - INFO - batch 452/453 all correct, no need adjustment
2026-02-01 15:12:29,624 - INFO - Total execution time: 54.51318836212158
2026-02-01 15:12:29,852 - INFO - new best acc (val): 92.04%

2026-02-01 15:12:29,853 - INFO - test accuracy as follows:
2026-02-01 15:12:30,047 - INFO - Prediction accuracy: 92.24%
